2021-01-30 13:28:11,469 [INFO] Env: init 9 node information:
light11:
	neigbor: ['light12', 'light21']
	ilds_in: ['D18_0', 'D18_1', 'D18_2', 'L11.272_0', 'L11.272_1', 'L11.272_2', '-gneE25_0', '-gneE25_1', '-gneE25_2', 'L12_0', 'L12_1', 'L12_2']
light12:
	neigbor: ['light11', 'light13', 'light22']
	ilds_in: ['D101_1', 'D101_2', 'D101_3', 'L9.757.263_1', 'L9.757.263_2', 'L9.757.263_3', 'L16.658.261_1', 'L16.658.261_2', 'L16.658.261_3', 'L12.758.227_1', 'L12.758.227_2', 'L12.758.227_3']
light13:
	neigbor: ['light12', 'light23']
	ilds_in: ['D24_0', 'D24_1', 'D24_2', 'L9_0', 'L9_1', 'L9_2', '-gneE31_0', '-gneE31_1', '-gneE31_2', 'L10.236_0', 'L10.236_1', 'L10.236_2']
light21:
	neigbor: ['light11', 'light22', 'light31']
	ilds_in: ['gneE25_0', 'gneE25_1', 'gneE25_2', '-gneE0.1696_0', '-gneE0.1696_1', '-gneE0.1696_2', '-gneE26_0', '-gneE26_1', '-gneE26_2', 'gneE0.164_0', 'gneE0.164_1', 'gneE0.164_2']
light22:
	neigbor: ['light21', 'light23', 'light12', 'light32']
	ilds_in: ['L15.208_0', 'L15.208_1', 'L15.208_2', 'gneE21_0', 'gneE21_1', 'gneE21_2', 'gneE21_3', '-gneE0.1058_0', '-gneE0.1058_1', '-gneE0.1058_2', 'gneE20_0', 'gneE20_1', 'gneE20_2', 'gneE20_3', 'L16_0', 'L16_1', 'L16_2', 'gneE19_0', 'gneE19_1', 'gneE19_2', 'gneE19_3', 'gneE18_0', 'gneE18_1', 'gneE18_2', 'gneE18_3', 'gneE0.1171_0', 'gneE0.1171_1', 'gneE0.1171_2']
light23:
	neigbor: ['light22', 'light13', 'light33']
	ilds_in: ['gneE31_0', 'gneE31_1', 'gneE31_2', '-gneE0.64_0', '-gneE0.64_1', '-gneE0.64_2', '-gneE32_0', '-gneE32_1', '-gneE32_2', 'gneE0.1780_0', 'gneE0.1780_1', 'gneE0.1780_2']
light31:
	neigbor: ['light32', 'light21']
	ilds_in: ['gneE26_0', 'gneE26_1', 'gneE26_2', 'L13_0', 'L13_1', 'L13_2', 'D20_0', 'D20_1', 'D20_2', 'L14_0', 'L14_1', 'L14_2']
light32:
	neigbor: ['light31', 'light33', 'light22']
	ilds_in: ['L15.590_0', 'L15.590_1', 'L15.590_2', 'L17.738_0', 'L17.738_1', 'L17.738_2', 'D12_0', 'D12_1', 'D12_2', 'L14.785_0', 'L14.785_1', 'L14.785_2']
light33:
	neigbor: ['light32', 'light23']
	ilds_in: ['gneE32_0', 'gneE32_1', 'gneE32_2', 'L17_0', 'L17_1', 'L17_2', 'D22_0', 'D22_1', 'D22_2', 'L18_0', 'L18_1', 'L18_2']

2021-01-30 13:28:11,469 [INFO] Training: s dim: 1348, a dim 3359232, s dim ls: [120, 150, 120, 150, 268, 150, 120, 150, 120], a dim ls: [6, 6, 6, 6, 2, 6, 6, 6, 6]
2021-01-30 13:28:11,470 [WARNING] From /home/changxi/sumo_projects/multi_agent_dqn2/model.py:20: The name tf.reset_default_graph is deprecated. Please use tf.compat.v1.reset_default_graph instead.

2021-01-30 13:28:11,470 [WARNING] From /home/changxi/sumo_projects/multi_agent_dqn2/model.py:21: The name tf.set_random_seed is deprecated. Please use tf.compat.v1.set_random_seed instead.

2021-01-30 13:28:11,470 [WARNING] From /home/changxi/sumo_projects/multi_agent_dqn2/model.py:22: The name tf.ConfigProto is deprecated. Please use tf.compat.v1.ConfigProto instead.

2021-01-30 13:28:11,470 [WARNING] From /home/changxi/sumo_projects/multi_agent_dqn2/model.py:23: The name tf.Session is deprecated. Please use tf.compat.v1.Session instead.

2021-01-30 13:28:11,495 [WARNING] From /home/changxi/sumo_projects/multi_agent_dqn2/policy.py:18: The name tf.placeholder is deprecated. Please use tf.compat.v1.placeholder instead.

2021-01-30 13:28:11,497 [WARNING] From /home/changxi/sumo_projects/multi_agent_dqn2/policy.py:23: The name tf.variable_scope is deprecated. Please use tf.compat.v1.variable_scope instead.

2021-01-30 13:28:11,500 [WARNING] From /home/changxi/sumo_projects/multi_agent_dqn2/utils.py:37: The name tf.get_variable is deprecated. Please use tf.compat.v1.get_variable instead.

2021-01-30 13:28:23,165 [WARNING] From /home/changxi/sumo_projects/multi_agent_dqn2/model.py:29: The name tf.train.Saver is deprecated. Please use tf.compat.v1.train.Saver instead.

2021-01-30 13:28:23,259 [WARNING] From /home/changxi/sumo_projects/multi_agent_dqn2/policy.py:129: The name tf.log is deprecated. Please use tf.math.log instead.

2021-01-30 13:28:23,267 [WARNING] From /home/changxi/sumo_projects/multi_agent_dqn2/policy.py:136: The name tf.trainable_variables is deprecated. Please use tf.compat.v1.trainable_variables instead.

2021-01-30 13:28:23,334 [WARNING] From /home/changxi/miniconda3/envs/py37/lib/python3.7/site-packages/tensorflow_core/python/ops/math_grad.py:1424: where (from tensorflow.python.ops.array_ops) is deprecated and will be removed in a future version.
Instructions for updating:
Use tf.where in 2.0, which has the same broadcast rule as np.where
2021-01-30 13:28:25,730 [WARNING] From /home/changxi/sumo_projects/multi_agent_dqn2/policy.py:141: The name tf.train.RMSPropOptimizer is deprecated. Please use tf.compat.v1.train.RMSPropOptimizer instead.

2021-01-30 13:28:25,730 [WARNING] From /home/changxi/miniconda3/envs/py37/lib/python3.7/site-packages/tensorflow_core/python/training/rmsprop.py:119: calling Ones.__init__ (from tensorflow.python.ops.init_ops) with dtype is deprecated and will be removed in a future version.
Instructions for updating:
Call initializer instance with the dtype argument instead of passing it to the constructor
2021-01-30 13:28:25,867 [WARNING] From /home/changxi/sumo_projects/multi_agent_dqn2/policy.py:149: The name tf.summary.scalar is deprecated. Please use tf.compat.v1.summary.scalar instead.

2021-01-30 13:28:25,868 [WARNING] From /home/changxi/sumo_projects/multi_agent_dqn2/policy.py:154: The name tf.summary.merge is deprecated. Please use tf.compat.v1.summary.merge instead.

2021-01-30 13:28:46,091 [WARNING] From /home/changxi/sumo_projects/multi_agent_dqn2/model.py:35: The name tf.global_variables_initializer is deprecated. Please use tf.compat.v1.global_variables_initializer instead.

2021-01-30 13:28:49,885 [INFO] Restoring parameters from /home/changxi/sumo_projects/multi_agent_dqn2/out/model/model
2021-01-30 13:28:50,774 [INFO] Model loaded: /home/changxi/sumo_projects/multi_agent_dqn2/out/model/model
2021-01-30 13:28:50,774 [WARNING] From runner.py:62: The name tf.summary.FileWriter is deprecated. Please use tf.compat.v1.summary.FileWriter instead.

2021-01-30 14:18:37,298 [INFO] Training: global step 10000, episode step 80,
                                   ob: [array([ 3.00000000e+00,  0.00000000e+00,  1.50000000e+01,  0.00000000e+00,
        0.00000000e+00,  2.40000000e+01,  2.00000000e+00,  0.00000000e+00,
        2.00000000e+01,  1.80000000e+01,  2.00000000e+01,  1.90000000e+01,
        5.00000000e-01,  5.00000000e-01,  1.00000000e+00,  1.00000000e+00,
        0.00000000e+00,  1.30000000e+01,  1.00000000e+00,  1.00000000e+00,
        5.00000000e-01,  2.00000000e+00,  0.00000000e+00,  8.00000000e+00,
        5.50000000e+00,  4.00000000e+00,  1.30000000e+01,  0.00000000e+00,
        0.00000000e+00,  0.00000000e+00,  5.50000000e+00,  1.50000000e+00,
        1.50000000e+00,  0.00000000e+00,  0.00000000e+00,  0.00000000e+00,
        7.00000000e+00,  0.00000000e+00,  4.10000000e+01,  0.00000000e+00,
        0.00000000e+00,  6.69850672e+01,  4.50000000e+00,  0.00000000e+00,
        4.47500000e+01,  4.07500000e+01,  4.53471448e+01,  4.27350248e+01,
        1.00000000e+00,  0.00000000e+00,  1.20000000e+01,  0.00000000e+00,
        0.00000000e+00,  2.30000000e+01,  1.00000000e+00,  0.00000000e+00,
        1.80000000e+01,  9.00000000e+00,  1.50000000e+01,  1.00000000e+01,
        7.29744007e+00, -1.00000000e+00,  1.01275079e+00, -1.00000000e+00,
       -1.00000000e+00,  1.53087329e-01,  3.52840395e+00, -1.00000000e+00,
        7.67612804e-01,  1.94624089e+00,  1.46491579e+00,  2.05645899e+00,
        1.00000000e+00,  0.00000000e+00,  1.00000000e+01,  0.00000000e+00,
        0.00000000e+00,  2.20000000e+01,  1.00000000e+00,  0.00000000e+00,
        1.70000000e+01,  7.00000000e+00,  1.30000000e+01,  7.00000000e+00,
        5.00000000e+00,  0.00000000e+00,  7.52934291e+01,  0.00000000e+00,
        0.00000000e+00,  1.77332884e+02,  4.50000000e+00,  0.00000000e+00,
        1.22840042e+02,  4.73815604e+01,  8.97175250e+01,  4.94703648e+01,
        0.00000000e+00,  0.00000000e+00,  0.00000000e+00,  0.00000000e+00,
        0.00000000e+00,  1.00000000e+00,  0.00000000e+00,  0.00000000e+00,
        0.00000000e+00,  0.00000000e+00,  0.00000000e+00,  0.00000000e+00,
        0.00000000e+00,  1.00000000e+00,  0.00000000e+00,  1.00000000e+00,
        0.00000000e+00,  0.00000000e+00,  0.00000000e+00,  0.00000000e+00,
        1.00000000e+00,  1.00000000e+00,  0.00000000e+00,  0.00000000e+00]), array([ 1.00000000e+00,  1.00000000e+00,  2.00000000e+00,  2.00000000e+00,
        0.00000000e+00,  2.60000000e+01,  2.00000000e+00,  2.00000000e+00,
        1.00000000e+00,  4.00000000e+00,  0.00000000e+00,  1.60000000e+01,
        1.50000000e+00,  0.00000000e+00,  7.50000000e+00,  0.00000000e+00,
        0.00000000e+00,  1.20000000e+01,  1.00000000e+00,  0.00000000e+00,
        1.00000000e+01,  9.00000000e+00,  1.00000000e+01,  9.50000000e+00,
        1.35000000e+01,  6.50000000e+00,  6.00000000e+00,  5.00000000e-01,
        0.00000000e+00,  0.00000000e+00,  4.00000000e+00,  3.00000000e+00,
        1.15000000e+01,  1.50000000e+00,  3.50000000e+00,  1.30000000e+01,
        0.00000000e+00,  1.20000000e+01,  1.10000000e+01,  2.50000000e+00,
        1.50000000e+00,  1.50000000e+00,  1.00000000e+00,  1.20000000e+01,
        1.40000000e+01,  1.45000000e+01,  5.00000000e-01,  1.50000000e+00,
        2.00000000e+00,  2.00000000e+00,  0.00000000e+00,  1.50000000e+00,
        2.00000000e+00,  0.00000000e+00,  2.00000000e+00,  2.00000000e+00,
        2.00000000e+00,  0.00000000e+00,  2.00000000e+00,  1.50000000e+00,
        5.00000000e-01,  1.50000000e+00,  6.00000000e+00,  5.00000000e+00,
        3.00000000e+00,  3.00000000e+00,  6.00000000e+00,  5.00000000e+00,
        0.00000000e+00,  6.30645283e+01,  4.50000000e+00,  4.50000000e+00,
        2.25000000e+00,  9.00000000e+00,  0.00000000e+00,  3.36305419e+01,
        1.00000000e+00,  0.00000000e+00,  1.00000000e+00,  0.00000000e+00,
        0.00000000e+00,  2.40000000e+01,  2.00000000e+00,  2.00000000e+00,
        1.00000000e+00,  0.00000000e+00,  0.00000000e+00,  1.30000000e+01,
        0.00000000e+00,  1.02016211e+01,  4.85008755e+00,  1.18275569e+01,
       -1.00000000e+00,  2.67832798e-01,  0.00000000e+00,  1.12905301e-02,
        0.00000000e+00,  4.28538143e+00, -1.00000000e+00,  8.97643356e-01,
        1.00000000e+00,  0.00000000e+00,  1.00000000e+00,  0.00000000e+00,
        0.00000000e+00,  2.40000000e+01,  2.00000000e+00,  2.00000000e+00,
        1.00000000e+00,  0.00000000e+00,  0.00000000e+00,  1.10000000e+01,
        6.00000000e+00,  0.00000000e+00,  6.00000000e+00,  0.00000000e+00,
        0.00000000e+00,  1.74408848e+02,  1.15010967e+01,  1.15022996e+01,
        4.50000000e+00,  0.00000000e+00,  0.00000000e+00,  7.56918336e+01,
        0.00000000e+00,  0.00000000e+00,  0.00000000e+00,  0.00000000e+00,
        0.00000000e+00,  1.00000000e+00,  0.00000000e+00,  0.00000000e+00,
        0.00000000e+00,  0.00000000e+00,  0.00000000e+00,  0.00000000e+00,
        1.00000000e+00,  1.00000000e+00,  0.00000000e+00,  0.00000000e+00,
        1.00000000e+00,  1.00000000e+00,  0.00000000e+00,  0.00000000e+00,
        0.00000000e+00,  0.00000000e+00,  1.00000000e+00,  1.00000000e+00,
        1.00000000e+00,  1.00000000e+00]), array([ 2.70000000e+01,  1.30000000e+01,  1.20000000e+01,  1.00000000e+00,
        0.00000000e+00,  0.00000000e+00,  8.00000000e+00,  6.00000000e+00,
        2.30000000e+01,  3.00000000e+00,  7.00000000e+00,  2.60000000e+01,
        5.00000000e-01,  5.00000000e-01,  1.00000000e+00,  1.00000000e+00,
        0.00000000e+00,  1.30000000e+01,  1.00000000e+00,  1.00000000e+00,
        5.00000000e-01,  2.00000000e+00,  0.00000000e+00,  8.00000000e+00,
        1.35000000e+01,  9.00000000e+00,  8.50000000e+00,  0.00000000e+00,
        0.00000000e+00,  3.50000000e+00,  1.50000000e+00,  0.00000000e+00,
        1.35000000e+01,  1.00000000e+00,  5.00000000e-01,  9.50000000e+00,
        6.65301875e+01,  3.40000000e+01,  3.30000000e+01,  3.00000000e+00,
        0.00000000e+00,  0.00000000e+00,  2.00000000e+01,  1.50000000e+01,
        5.70000000e+01,  8.50000000e+00,  1.85000000e+01,  6.29601963e+01,
        2.70000000e+01,  1.30000000e+01,  1.20000000e+01,  0.00000000e+00,
        0.00000000e+00,  0.00000000e+00,  8.00000000e+00,  6.00000000e+00,
        2.30000000e+01,  3.00000000e+00,  7.00000000e+00,  2.60000000e+01,
        0.00000000e+00,  0.00000000e+00,  0.00000000e+00,  1.13852362e+01,
       -1.00000000e+00,  1.45764371e+01,  1.04327496e-01,  0.00000000e+00,
        0.00000000e+00,  0.00000000e+00,  0.00000000e+00,  3.09730403e-02,
        2.70000000e+01,  1.30000000e+01,  1.20000000e+01,  0.00000000e+00,
        0.00000000e+00,  0.00000000e+00,  8.00000000e+00,  6.00000000e+00,
        2.30000000e+01,  3.00000000e+00,  7.00000000e+00,  2.60000000e+01,
        1.99998988e+02,  9.87412525e+01,  9.35115460e+01,  0.00000000e+00,
        0.00000000e+00,  0.00000000e+00,  5.78534578e+01,  4.25051685e+01,
        1.69022755e+02,  1.45010433e+01,  5.88756073e+01,  1.92497909e+02,
        1.00000000e+00,  0.00000000e+00,  0.00000000e+00,  0.00000000e+00,
        0.00000000e+00,  0.00000000e+00,  0.00000000e+00,  0.00000000e+00,
        0.00000000e+00,  0.00000000e+00,  0.00000000e+00,  1.00000000e+00,
        0.00000000e+00,  1.00000000e+00,  0.00000000e+00,  1.00000000e+00,
        0.00000000e+00,  0.00000000e+00,  0.00000000e+00,  0.00000000e+00,
        1.00000000e+00,  1.00000000e+00,  0.00000000e+00,  0.00000000e+00]), array([ 11.        ,   8.        ,  26.        ,   0.        ,
         0.        ,   0.        ,  11.        ,   3.        ,
         3.        ,   0.        ,   0.        ,   0.        ,
         1.5       ,   0.        ,   7.5       ,   0.        ,
         0.        ,  12.        ,   1.        ,   0.        ,
        10.        ,   9.        ,  10.        ,   9.5       ,
         0.        ,  12.        ,  11.        ,   2.5       ,
         1.5       ,   1.5       ,   1.        ,  12.        ,
        14.        ,  14.5       ,   0.5       ,   1.5       ,
         2.        ,   2.        ,   0.        ,   1.5       ,
         2.        ,   0.        ,   2.        ,   2.        ,
         2.        ,   0.        ,   2.        ,   1.5       ,
         0.5       ,   1.5       ,   6.        ,   5.        ,
         0.        ,   0.        ,   0.        ,   3.        ,
         3.        ,   2.5       ,   9.5       ,   9.5       ,
        10.        ,   0.        ,   0.        ,   5.        ,
        22.5       ,  18.        ,  68.73644302,   0.        ,
         0.        ,   0.        ,  27.75      ,   7.5       ,
         6.5       ,   0.        ,   0.        ,   0.        ,
        10.        ,   7.        ,  26.        ,   0.        ,
         0.        ,   0.        ,   5.        ,   1.        ,
         0.        ,   0.        ,   0.        ,   0.        ,
         1.03008913,   1.21625292,   0.        ,  -1.        ,
        -1.        ,  -1.        ,   4.73807248,   7.24144889,
        11.5578205 ,  -1.        ,  -1.        ,  -1.        ,
        10.        ,   7.        ,  26.        ,   0.        ,
         0.        ,   0.        ,   3.        ,   1.        ,
         0.        ,   0.        ,   0.        ,   0.        ,
        64.16194077,  48.98217945, 199.99890603,   0.        ,
         0.        ,   0.        ,  17.51053451,   5.        ,
         0.        ,   0.        ,   0.        ,   0.        ,
         0.        ,   0.        ,   1.        ,   0.        ,
         0.        ,   0.        ,   0.        ,   0.        ,
         0.        ,   0.        ,   0.        ,   0.        ,
         1.        ,   1.        ,   0.        ,   0.        ,
         1.        ,   1.        ,   1.        ,   1.        ,
         1.        ,   1.        ,   0.        ,   0.        ,
         1.        ,   1.        ]), array([ 0.00000000e+00,  2.40000000e+01,  2.20000000e+01,  5.00000000e+00,
        3.00000000e+00,  3.00000000e+00,  2.00000000e+00,  2.40000000e+01,
        2.80000000e+01,  2.90000000e+01,  1.00000000e+00,  3.00000000e+00,
        4.00000000e+00,  4.00000000e+00,  0.00000000e+00,  3.00000000e+00,
        4.00000000e+00,  0.00000000e+00,  4.00000000e+00,  4.00000000e+00,
        4.00000000e+00,  0.00000000e+00,  4.00000000e+00,  3.00000000e+00,
        1.00000000e+00,  3.00000000e+00,  1.20000000e+01,  1.00000000e+01,
        5.50000000e+00,  4.00000000e+00,  1.30000000e+01,  0.00000000e+00,
        0.00000000e+00,  0.00000000e+00,  5.50000000e+00,  1.50000000e+00,
        1.50000000e+00,  0.00000000e+00,  0.00000000e+00,  0.00000000e+00,
        1.35000000e+01,  9.00000000e+00,  8.50000000e+00,  0.00000000e+00,
        0.00000000e+00,  3.50000000e+00,  1.50000000e+00,  0.00000000e+00,
        1.35000000e+01,  1.00000000e+00,  5.00000000e-01,  9.50000000e+00,
        5.00000000e-01,  5.00000000e-01,  1.00000000e+00,  1.00000000e+00,
        0.00000000e+00,  1.30000000e+01,  1.00000000e+00,  1.00000000e+00,
        5.00000000e-01,  2.00000000e+00,  0.00000000e+00,  8.00000000e+00,
        1.00000000e+00,  5.00000000e-01,  5.00000000e-01,  5.50000000e+00,
        2.00000000e+00,  1.30000000e+01,  5.00000000e-01,  0.00000000e+00,
        3.50000000e+00,  5.00000000e-01,  5.00000000e-01,  3.00000000e+00,
        0.00000000e+00,  5.53534307e+01,  5.48503483e+01,  6.55002324e+01,
        4.33324406e+01,  3.11210765e+01,  2.37707469e+01,  5.92292980e+01,
        6.59728543e+01,  6.49855453e+01,  1.72413793e+01,  5.68965517e+01,
        7.31680791e+01,  6.72413793e+01,  0.00000000e+00,  6.75000000e+00,
        9.00000000e+00,  0.00000000e+00,  7.39774459e+01,  6.75900112e+01,
        6.37931034e+01,  0.00000000e+00,  7.41213469e+01,  4.72991340e+01,
        2.06896552e+01,  8.00000000e+00,  2.90829786e+01,  2.44244876e+01,
        0.00000000e+00,  2.40000000e+01,  2.20000000e+01,  5.00000000e+00,
        3.00000000e+00,  3.00000000e+00,  2.00000000e+00,  2.40000000e+01,
        2.80000000e+01,  2.90000000e+01,  0.00000000e+00,  3.00000000e+00,
        4.00000000e+00,  4.00000000e+00,  0.00000000e+00,  0.00000000e+00,
        3.00000000e+00,  0.00000000e+00,  4.00000000e+00,  4.00000000e+00,
        4.00000000e+00,  0.00000000e+00,  4.00000000e+00,  3.00000000e+00,
        1.00000000e+00,  0.00000000e+00,  1.10000000e+01,  1.00000000e+01,
       -1.00000000e+00,  5.37436930e-02,  2.65750535e-02,  0.00000000e+00,
        2.75480191e-04,  0.00000000e+00,  0.00000000e+00,  2.26342731e-01,
        1.06087045e-03,  0.00000000e+00,  4.94628238e+00,  1.33773760e-02,
        2.25170170e-02,  0.00000000e+00, -1.00000000e+00,  3.20589847e+00,
        8.70542727e-01, -1.00000000e+00,  4.22268660e-03,  0.00000000e+00,
        2.97729886e-04, -1.00000000e+00,  3.29359379e-04,  0.00000000e+00,
        0.00000000e+00,  1.05905256e+01,  5.32185627e-01,  8.52372089e-04,
        0.00000000e+00,  2.30000000e+01,  2.20000000e+01,  5.00000000e+00,
        3.00000000e+00,  3.00000000e+00,  2.00000000e+00,  2.30000000e+01,
        2.80000000e+01,  2.90000000e+01,  0.00000000e+00,  3.00000000e+00,
        4.00000000e+00,  4.00000000e+00,  0.00000000e+00,  0.00000000e+00,
        2.00000000e+00,  0.00000000e+00,  4.00000000e+00,  4.00000000e+00,
        4.00000000e+00,  0.00000000e+00,  4.00000000e+00,  3.00000000e+00,
        1.00000000e+00,  0.00000000e+00,  1.10000000e+01,  1.00000000e+01,
        0.00000000e+00,  1.61966653e+02,  1.63070974e+02,  2.90000000e+01,
        2.90000000e+01,  2.70010000e+01,  2.90000000e+01,  1.81389567e+02,
        2.00000000e+02,  2.00000000e+02,  0.00000000e+00,  2.15571229e+01,
        2.89929476e+01,  2.70032597e+01,  0.00000000e+00,  0.00000000e+00,
        1.60622309e+01,  0.00000000e+00,  2.90000000e+01,  2.71043437e+01,
        2.60053795e+01,  0.00000000e+00,  2.90000000e+01,  2.90000000e+01,
        6.00000000e+00,  0.00000000e+00,  8.03502158e+01,  7.19263970e+01,
        0.00000000e+00,  0.00000000e+00,  0.00000000e+00,  1.00000000e+00,
        0.00000000e+00,  0.00000000e+00,  0.00000000e+00,  0.00000000e+00,
        1.00000000e+00,  1.00000000e+00,  0.00000000e+00,  0.00000000e+00,
        1.00000000e+00,  1.00000000e+00,  0.00000000e+00,  0.00000000e+00,
        0.00000000e+00,  0.00000000e+00,  1.00000000e+00,  1.00000000e+00,
        1.00000000e+00,  0.00000000e+00,  1.00000000e+00,  0.00000000e+00,
        0.00000000e+00,  0.00000000e+00,  0.00000000e+00,  0.00000000e+00,
        0.00000000e+00,  0.00000000e+00,  1.00000000e+00,  1.00000000e+00,
        0.00000000e+00,  0.00000000e+00,  0.00000000e+00,  0.00000000e+00,
        1.00000000e+00,  1.00000000e+00,  0.00000000e+00,  0.00000000e+00,
        0.00000000e+00,  1.00000000e+00,  0.00000000e+00,  1.00000000e+00,
        0.00000000e+00,  0.00000000e+00,  1.00000000e+00,  1.00000000e+00,
        0.00000000e+00,  0.00000000e+00,  1.00000000e+00,  1.00000000e+00]), array([ 2.70000000e+01,  1.80000000e+01,  1.70000000e+01,  0.00000000e+00,
        0.00000000e+00,  7.00000000e+00,  3.00000000e+00,  0.00000000e+00,
        2.70000000e+01,  2.00000000e+00,  1.00000000e+00,  1.90000000e+01,
        0.00000000e+00,  1.20000000e+01,  1.10000000e+01,  2.50000000e+00,
        1.50000000e+00,  1.50000000e+00,  1.00000000e+00,  1.20000000e+01,
        1.40000000e+01,  1.45000000e+01,  5.00000000e-01,  1.50000000e+00,
        2.00000000e+00,  2.00000000e+00,  0.00000000e+00,  1.50000000e+00,
        2.00000000e+00,  0.00000000e+00,  2.00000000e+00,  2.00000000e+00,
        2.00000000e+00,  0.00000000e+00,  2.00000000e+00,  1.50000000e+00,
        5.00000000e-01,  1.50000000e+00,  6.00000000e+00,  5.00000000e+00,
        1.35000000e+01,  6.50000000e+00,  6.00000000e+00,  5.00000000e-01,
        0.00000000e+00,  0.00000000e+00,  4.00000000e+00,  3.00000000e+00,
        1.15000000e+01,  1.50000000e+00,  3.50000000e+00,  1.30000000e+01,
        1.50000000e+00,  5.00000000e-01,  0.00000000e+00,  5.00000000e-01,
        1.00000000e+00,  0.00000000e+00,  0.00000000e+00,  1.10000000e+01,
        1.35000000e+01,  2.00000000e+00,  5.00000000e-01,  8.50000000e+00,
        6.58069148e+01,  4.75000000e+01,  4.45000000e+01,  0.00000000e+00,
        0.00000000e+00,  1.57500000e+01,  8.50000000e+00,  0.00000000e+00,
        6.42355509e+01,  5.00000000e+00,  3.00000000e+00,  4.67500000e+01,
        2.70000000e+01,  1.60000000e+01,  1.60000000e+01,  0.00000000e+00,
        0.00000000e+00,  7.00000000e+00,  0.00000000e+00,  0.00000000e+00,
        2.70000000e+01,  2.00000000e+00,  1.00000000e+00,  1.80000000e+01,
        8.71752428e-02,  1.03394522e+00,  2.08673970e-01, -1.00000000e+00,
       -1.00000000e+00,  9.11611949e-04,  1.16603477e+01, -1.00000000e+00,
        1.45876558e-01,  0.00000000e+00,  0.00000000e+00,  2.01951601e-01,
        2.70000000e+01,  1.60000000e+01,  1.60000000e+01,  0.00000000e+00,
        0.00000000e+00,  7.00000000e+00,  0.00000000e+00,  0.00000000e+00,
        2.70000000e+01,  2.00000000e+00,  1.00000000e+00,  1.80000000e+01,
        2.00000000e+02,  1.22769044e+02,  1.21515908e+02,  0.00000000e+00,
        0.00000000e+00,  4.65150474e+01,  0.00000000e+00,  0.00000000e+00,
        1.99998994e+02,  1.25010905e+01,  6.00000000e+00,  1.31504272e+02,
        1.00000000e+00,  0.00000000e+00,  0.00000000e+00,  0.00000000e+00,
        0.00000000e+00,  0.00000000e+00,  0.00000000e+00,  0.00000000e+00,
        1.00000000e+00,  0.00000000e+00,  0.00000000e+00,  0.00000000e+00,
        1.00000000e+00,  1.00000000e+00,  0.00000000e+00,  0.00000000e+00,
        0.00000000e+00,  0.00000000e+00,  1.00000000e+00,  1.00000000e+00,
        1.00000000e+00,  1.00000000e+00,  1.00000000e+00,  1.00000000e+00,
        0.00000000e+00,  0.00000000e+00]), array([ 0.00000000e+00,  0.00000000e+00,  0.00000000e+00,  6.00000000e+00,
        6.00000000e+00,  5.00000000e+00,  1.90000000e+01,  1.90000000e+01,
        2.00000000e+01,  0.00000000e+00,  0.00000000e+00,  1.00000000e+01,
        1.00000000e+00,  5.00000000e-01,  5.00000000e-01,  5.50000000e+00,
        2.00000000e+00,  1.30000000e+01,  5.00000000e-01,  0.00000000e+00,
        3.50000000e+00,  5.00000000e-01,  5.00000000e-01,  3.00000000e+00,
        5.50000000e+00,  4.00000000e+00,  1.30000000e+01,  0.00000000e+00,
        0.00000000e+00,  0.00000000e+00,  5.50000000e+00,  1.50000000e+00,
        1.50000000e+00,  0.00000000e+00,  0.00000000e+00,  0.00000000e+00,
        0.00000000e+00,  0.00000000e+00,  0.00000000e+00,  1.65000000e+01,
        1.57500000e+01,  1.20000000e+01,  5.06070813e+01,  4.92550202e+01,
        4.85000000e+01,  0.00000000e+00,  0.00000000e+00,  2.06901648e+01,
        0.00000000e+00,  0.00000000e+00,  0.00000000e+00,  5.00000000e+00,
        5.00000000e+00,  5.00000000e+00,  1.30000000e+01,  1.20000000e+01,
        1.10000000e+01,  0.00000000e+00,  0.00000000e+00,  0.00000000e+00,
       -1.00000000e+00, -1.00000000e+00, -1.00000000e+00,  1.43477909e+00,
        2.04199971e+00,  8.35353363e-03,  1.20975867e+00,  1.48401525e+00,
        1.24964644e+00, -1.00000000e+00, -1.00000000e+00,  5.08323237e+00,
        0.00000000e+00,  0.00000000e+00,  0.00000000e+00,  5.00000000e+00,
        5.00000000e+00,  5.00000000e+00,  1.00000000e+01,  9.00000000e+00,
        1.10000000e+01,  0.00000000e+00,  0.00000000e+00,  0.00000000e+00,
        0.00000000e+00,  0.00000000e+00,  0.00000000e+00,  3.70041116e+01,
        3.55040988e+01,  3.42404816e+01,  7.56409113e+01,  6.12539368e+01,
        7.73084383e+01,  0.00000000e+00,  0.00000000e+00,  0.00000000e+00,
        0.00000000e+00,  0.00000000e+00,  0.00000000e+00,  0.00000000e+00,
        0.00000000e+00,  0.00000000e+00,  0.00000000e+00,  0.00000000e+00,
        0.00000000e+00,  0.00000000e+00,  0.00000000e+00,  0.00000000e+00,
        1.00000000e+00,  1.00000000e+00,  0.00000000e+00,  0.00000000e+00,
        1.00000000e+00,  1.00000000e+00,  0.00000000e+00,  0.00000000e+00,
        1.00000000e+00,  1.00000000e+00,  0.00000000e+00,  0.00000000e+00]), array([ 2.00000000e+00,  1.00000000e+00,  1.00000000e+00,  1.10000000e+01,
        4.00000000e+00,  2.60000000e+01,  1.00000000e+00,  0.00000000e+00,
        7.00000000e+00,  1.00000000e+00,  1.00000000e+00,  6.00000000e+00,
        0.00000000e+00,  0.00000000e+00,  0.00000000e+00,  3.00000000e+00,
        3.00000000e+00,  2.50000000e+00,  9.50000000e+00,  9.50000000e+00,
        1.00000000e+01,  0.00000000e+00,  0.00000000e+00,  5.00000000e+00,
        1.50000000e+00,  5.00000000e-01,  0.00000000e+00,  5.00000000e-01,
        1.00000000e+00,  0.00000000e+00,  0.00000000e+00,  1.10000000e+01,
        1.35000000e+01,  2.00000000e+00,  5.00000000e-01,  8.50000000e+00,
        0.00000000e+00,  1.20000000e+01,  1.10000000e+01,  2.50000000e+00,
        1.50000000e+00,  1.50000000e+00,  1.00000000e+00,  1.20000000e+01,
        1.40000000e+01,  1.45000000e+01,  5.00000000e-01,  1.50000000e+00,
        2.00000000e+00,  2.00000000e+00,  0.00000000e+00,  1.50000000e+00,
        2.00000000e+00,  0.00000000e+00,  2.00000000e+00,  2.00000000e+00,
        2.00000000e+00,  0.00000000e+00,  2.00000000e+00,  1.50000000e+00,
        5.00000000e-01,  1.50000000e+00,  6.00000000e+00,  5.00000000e+00,
        5.00000000e+00,  2.00000000e+00,  2.00000000e+00,  2.50000000e+01,
        1.12500000e+01,  6.15000000e+01,  2.25000000e+00,  0.00000000e+00,
        1.40000000e+01,  2.50000000e+00,  2.50000000e+00,  1.80000000e+01,
        2.00000000e+00,  1.00000000e+00,  1.00000000e+00,  9.00000000e+00,
        4.00000000e+00,  2.60000000e+01,  0.00000000e+00,  0.00000000e+00,
        6.00000000e+00,  0.00000000e+00,  1.00000000e+00,  2.00000000e+00,
        1.78691108e-03,  0.00000000e+00,  0.00000000e+00,  1.60776134e+00,
        4.10164075e-02,  2.85401170e-03,  1.20877116e+01, -1.00000000e+00,
        1.47292117e+00,  7.30142107e+00,  8.03040523e-01,  2.68230332e+00,
        2.00000000e+00,  1.00000000e+00,  1.00000000e+00,  9.00000000e+00,
        4.00000000e+00,  2.60000000e+01,  0.00000000e+00,  0.00000000e+00,
        5.00000000e+00,  0.00000000e+00,  0.00000000e+00,  2.00000000e+00,
        1.25028283e+01,  4.00000000e+00,  4.00000000e+00,  6.15148276e+01,
        3.06227934e+01,  1.85625327e+02,  0.00000000e+00,  0.00000000e+00,
        3.00054628e+01,  0.00000000e+00,  0.00000000e+00,  1.53274240e+01,
        0.00000000e+00,  0.00000000e+00,  0.00000000e+00,  0.00000000e+00,
        0.00000000e+00,  1.00000000e+00,  0.00000000e+00,  0.00000000e+00,
        0.00000000e+00,  0.00000000e+00,  0.00000000e+00,  0.00000000e+00,
        1.00000000e+00,  1.00000000e+00,  0.00000000e+00,  0.00000000e+00,
        1.00000000e+00,  1.00000000e+00,  1.00000000e+00,  1.00000000e+00,
        1.00000000e+00,  1.00000000e+00,  0.00000000e+00,  0.00000000e+00,
        1.00000000e+00,  1.00000000e+00]), array([ 3.00000000e+00,  1.00000000e+00,  0.00000000e+00,  1.00000000e+00,
        2.00000000e+00,  0.00000000e+00,  0.00000000e+00,  2.20000000e+01,
        2.70000000e+01,  4.00000000e+00,  1.00000000e+00,  1.70000000e+01,
        1.00000000e+00,  5.00000000e-01,  5.00000000e-01,  5.50000000e+00,
        2.00000000e+00,  1.30000000e+01,  5.00000000e-01,  0.00000000e+00,
        3.50000000e+00,  5.00000000e-01,  5.00000000e-01,  3.00000000e+00,
        1.35000000e+01,  9.00000000e+00,  8.50000000e+00,  0.00000000e+00,
        0.00000000e+00,  3.50000000e+00,  1.50000000e+00,  0.00000000e+00,
        1.35000000e+01,  1.00000000e+00,  5.00000000e-01,  9.50000000e+00,
        7.50000000e+00,  3.00000000e+00,  0.00000000e+00,  3.34445566e+00,
        2.50000000e+00,  0.00000000e+00,  0.00000000e+00,  5.80000000e+01,
        6.69678388e+01,  9.75000000e+00,  3.00000000e+00,  4.89948516e+01,
        3.00000000e+00,  1.00000000e+00,  0.00000000e+00,  0.00000000e+00,
        0.00000000e+00,  0.00000000e+00,  0.00000000e+00,  2.20000000e+01,
        2.70000000e+01,  3.00000000e+00,  0.00000000e+00,  1.10000000e+01,
        0.00000000e+00,  0.00000000e+00, -1.00000000e+00,  1.19505948e+01,
        1.33775957e+01, -1.00000000e+00, -1.00000000e+00,  7.03494526e-03,
        1.31963937e-05,  3.63082139e+00,  7.80681652e+00,  9.64117980e-01,
        3.00000000e+00,  1.00000000e+00,  0.00000000e+00,  0.00000000e+00,
        0.00000000e+00,  0.00000000e+00,  0.00000000e+00,  2.10000000e+01,
        2.70000000e+01,  3.00000000e+00,  0.00000000e+00,  9.00000000e+00,
        2.00020183e+01,  6.00000000e+00,  0.00000000e+00,  0.00000000e+00,
        0.00000000e+00,  0.00000000e+00,  0.00000000e+00,  1.63059601e+02,
        2.00000000e+02,  5.23109234e+01,  0.00000000e+00,  7.88149043e+01,
        0.00000000e+00,  0.00000000e+00,  0.00000000e+00,  0.00000000e+00,
        0.00000000e+00,  0.00000000e+00,  0.00000000e+00,  0.00000000e+00,
        1.00000000e+00,  0.00000000e+00,  0.00000000e+00,  0.00000000e+00,
        1.00000000e+00,  1.00000000e+00,  0.00000000e+00,  0.00000000e+00,
        1.00000000e+00,  1.00000000e+00,  0.00000000e+00,  0.00000000e+00,
        1.00000000e+00,  1.00000000e+00,  0.00000000e+00,  0.00000000e+00])], a: [2, 2, 5, 1, 1, 3, 4, 0, 1], pi: [array([3.6795506e-01, 3.6792898e-01, 1.3677980e+00, 3.6793342e-01,
       2.1571916e-05, 3.3351043e-05], dtype=float32), array([3.6791766e-01, 1.3679153e+00, 3.6791760e-01, 3.6791760e-01,
       6.0429647e-07, 1.5335876e-06], dtype=float32), array([2.3936853e-04, 4.1908122e-04, 2.7602087e-04, 2.0593670e-03,
       3.6831498e-01, 1.3645264e+00], dtype=float32), array([3.6791781e-01, 1.3679122e+00, 3.6791837e-01, 3.6791787e-01,
       9.5587086e-07, 3.1162492e-06], dtype=float32), array([1.1250138, 0.6108214], dtype=float32), array([4.2791686e-05, 1.8011120e-05, 3.6792624e-01, 1.3677224e+00,
       7.0453600e-05, 5.5319233e-05], dtype=float32), array([9.8906667e-04, 4.8991072e-04, 2.0327051e-04, 3.3870363e-04,
       1.3658626e+00, 3.6795160e-01], dtype=float32), array([9.9995267e-01, 6.9030152e-06, 1.2033230e-05, 2.2496799e-05,
       3.6792091e-01, 3.6792013e-01], dtype=float32), array([3.6825475e-01, 1.3664916e+00, 3.6797553e-01, 3.6799568e-01,
       1.3626073e-04, 8.1643194e-04], dtype=float32)], r: -4192.00, train r: -1573.24, done: False
2021-01-30 15:11:27,871 [INFO] Training: global step 20000, episode step 160,
                                   ob: [array([ 4.00000000e+00,  9.00000000e+00,  2.60000000e+01,  2.80000000e+01,
        2.50000000e+01,  2.40000000e+01,  2.00000000e+00,  0.00000000e+00,
        2.10000000e+01,  2.90000000e+01,  2.80000000e+01,  2.90000000e+01,
        5.00000000e-01,  3.50000000e+00,  1.15000000e+01,  1.00000000e+00,
        0.00000000e+00,  1.25000000e+01,  2.00000000e+00,  1.50000000e+00,
        1.50000000e+00,  6.00000000e+00,  0.00000000e+00,  1.50000000e+00,
        9.00000000e+00,  5.50000000e+00,  9.50000000e+00,  0.00000000e+00,
        0.00000000e+00,  0.00000000e+00,  1.35000000e+01,  1.10000000e+01,
        8.50000000e+00,  5.00000000e-01,  0.00000000e+00,  0.00000000e+00,
        1.15000000e+01,  2.25000000e+01,  6.59254882e+01,  6.42010733e+01,
        6.50730903e+01,  6.30822065e+01,  4.50000000e+00,  0.00000000e+00,
        4.62350973e+01,  6.49847391e+01,  6.62192269e+01,  6.40000000e+01,
        4.00000000e+00,  8.00000000e+00,  2.60000000e+01,  2.80000000e+01,
        2.50000000e+01,  2.40000000e+01,  2.00000000e+00,  0.00000000e+00,
        1.80000000e+01,  2.90000000e+01,  2.80000000e+01,  2.90000000e+01,
        3.68384939e-04,  2.25296358e-01,  5.78072200e-02,  1.46442216e-02,
        0.00000000e+00,  0.00000000e+00,  7.34560538e-02, -1.00000000e+00,
        9.02156466e-01,  3.98120324e-06,  7.07416528e-05,  2.15783519e-05,
        4.00000000e+00,  8.00000000e+00,  2.60000000e+01,  2.80000000e+01,
        2.50000000e+01,  2.40000000e+01,  2.00000000e+00,  0.00000000e+00,
        1.70000000e+01,  2.90000000e+01,  2.80000000e+01,  2.90000000e+01,
        3.08522737e+01,  9.51192702e+01,  1.99998918e+02,  1.88520604e+02,
        1.99998939e+02,  1.91596804e+02,  1.15814318e+01,  0.00000000e+00,
        1.25583675e+02,  1.99998942e+02,  1.99998976e+02,  1.98030432e+02,
        0.00000000e+00,  0.00000000e+00,  1.00000000e+00,  1.00000000e+00,
        1.00000000e+00,  1.00000000e+00,  0.00000000e+00,  0.00000000e+00,
        0.00000000e+00,  1.00000000e+00,  1.00000000e+00,  1.00000000e+00,
        1.00000000e+00,  1.00000000e+00,  1.00000000e+00,  1.00000000e+00,
        0.00000000e+00,  0.00000000e+00,  1.00000000e+00,  1.00000000e+00,
        1.00000000e+00,  1.00000000e+00,  0.00000000e+00,  0.00000000e+00]), array([  1.        ,   7.        ,  23.        ,   2.        ,
         0.        ,  25.        ,   4.        ,   3.        ,
         3.        ,  12.        ,   0.        ,   3.        ,
         2.        ,   4.5       ,  13.        ,  14.        ,
        12.5       ,  12.        ,   1.        ,   0.        ,
        10.5       ,  14.5       ,  14.        ,  14.5       ,
        13.        ,  12.5       ,  13.        ,   0.        ,
         0.        ,  12.        ,  13.        ,  13.5       ,
        13.5       ,   2.        ,   2.        ,  13.        ,
        12.        ,  12.5       ,  12.5       ,   2.5       ,
         2.        ,   1.5       ,   2.        ,  10.        ,
        12.5       ,  12.5       ,   1.        ,   1.5       ,
         1.        ,   1.5       ,   1.        ,  13.5       ,
        13.5       ,   1.        ,   2.        ,   2.        ,
         1.5       ,   3.5       ,   1.5       ,   1.5       ,
         1.5       ,   1.        ,  12.        ,  10.        ,
         3.        ,  21.        ,  68.38596794,   6.        ,
         0.        ,  62.43607882,   9.25      ,   7.5       ,
         7.5       ,  27.        ,   0.        ,   7.        ,
         1.        ,   6.        ,  23.        ,   0.        ,
         0.        ,  24.        ,   4.        ,   3.        ,
         3.        ,  10.        ,   0.        ,   0.        ,
         0.        ,   0.32366158,   0.        ,  11.20042987,
        -1.        ,   0.32443466,   0.        ,   0.        ,
         0.        ,   0.40443986,  -1.        ,   9.03441464,
         1.        ,   6.        ,  23.        ,   0.        ,
         0.        ,  23.        ,   4.        ,   3.        ,
         3.        ,  10.        ,   0.        ,   0.        ,
         6.        ,  81.7523197 , 191.79472502,   0.        ,
         0.        , 171.17351788,  26.00305838,  20.00201014,
        20.00204636,  66.89415057,   0.        ,   0.        ,
         0.        ,   0.        ,   1.        ,   0.        ,
         0.        ,   1.        ,   0.        ,   0.        ,
         0.        ,   0.        ,   0.        ,   0.        ,
         0.        ,   0.        ,   1.        ,   1.        ,
         0.        ,   0.        ,   0.        ,   0.        ,
         0.        ,   0.        ,   1.        ,   1.        ,
         1.        ,   1.        ]), array([ 2.60000000e+01,  2.50000000e+01,  2.60000000e+01,  0.00000000e+00,
        0.00000000e+00,  2.40000000e+01,  2.60000000e+01,  2.70000000e+01,
        2.70000000e+01,  4.00000000e+00,  4.00000000e+00,  2.60000000e+01,
        5.00000000e-01,  3.50000000e+00,  1.15000000e+01,  1.00000000e+00,
        0.00000000e+00,  1.25000000e+01,  2.00000000e+00,  1.50000000e+00,
        1.50000000e+00,  6.00000000e+00,  0.00000000e+00,  1.50000000e+00,
        1.50000000e+01,  1.25000000e+01,  1.20000000e+01,  0.00000000e+00,
        3.00000000e+00,  6.00000000e+00,  9.50000000e+00,  1.00000000e+01,
        1.30000000e+01,  0.00000000e+00,  0.00000000e+00,  0.00000000e+00,
        6.15000000e+01,  6.75000000e+01,  6.86838263e+01,  0.00000000e+00,
        0.00000000e+00,  6.20584584e+01,  6.55000000e+01,  6.73635273e+01,
        6.62500000e+01,  1.00000000e+01,  1.25000000e+01,  6.50000000e+01,
        2.50000000e+01,  2.60000000e+01,  2.60000000e+01,  0.00000000e+00,
        0.00000000e+00,  2.20000000e+01,  2.60000000e+01,  2.70000000e+01,
        2.70000000e+01,  4.00000000e+00,  5.00000000e+00,  2.60000000e+01,
        2.81911851e-02,  9.56084471e-04,  1.01061901e-03, -1.00000000e+00,
       -1.00000000e+00,  3.96652912e-01,  6.05387112e-02,  1.21630517e-02,
        3.04609441e-03,  0.00000000e+00,  0.00000000e+00,  0.00000000e+00,
        2.40000000e+01,  2.60000000e+01,  2.60000000e+01,  0.00000000e+00,
        0.00000000e+00,  2.10000000e+01,  2.60000000e+01,  2.70000000e+01,
        2.70000000e+01,  4.00000000e+00,  5.00000000e+00,  2.60000000e+01,
        1.81508483e+02,  1.97788166e+02,  1.99998971e+02,  0.00000000e+00,
        0.00000000e+00,  1.55158932e+02,  1.99224083e+02,  1.99998999e+02,
        1.97671054e+02,  2.75031584e+01,  5.42022294e+01,  1.97500870e+02,
        1.00000000e+00,  1.00000000e+00,  1.00000000e+00,  0.00000000e+00,
        0.00000000e+00,  1.00000000e+00,  1.00000000e+00,  1.00000000e+00,
        1.00000000e+00,  0.00000000e+00,  0.00000000e+00,  1.00000000e+00,
        1.00000000e+00,  1.00000000e+00,  1.00000000e+00,  1.00000000e+00,
        0.00000000e+00,  0.00000000e+00,  0.00000000e+00,  1.00000000e+00,
        0.00000000e+00,  1.00000000e+00,  0.00000000e+00,  0.00000000e+00]), array([ 18.        ,  11.        ,  19.        ,   0.        ,
         0.        ,   0.        ,  27.        ,  22.        ,
        17.        ,   1.        ,   0.        ,   0.        ,
         2.        ,   4.5       ,  13.        ,  14.        ,
        12.5       ,  12.        ,   1.        ,   0.        ,
        10.5       ,  14.5       ,  14.        ,  14.5       ,
        12.        ,  12.5       ,  12.5       ,   2.5       ,
         2.        ,   1.5       ,   2.        ,  10.        ,
        12.5       ,  12.5       ,   1.        ,   1.5       ,
         1.        ,   1.5       ,   1.        ,  13.5       ,
        13.5       ,   1.        ,   2.        ,   2.        ,
         1.5       ,   3.5       ,   1.5       ,   1.5       ,
         1.5       ,   1.        ,  12.        ,  10.        ,
         5.5       ,   1.5       ,   4.        ,   8.        ,
         4.        ,   4.        ,  13.        ,  12.5       ,
        13.5       ,   0.5       ,   0.        ,  12.5       ,
        44.86110765,  28.63384707,  49.        ,   0.        ,
         0.        ,   0.        ,  68.5       ,  52.75      ,
        39.75      ,   2.39336431,   0.        ,   0.        ,
        18.        ,  11.        ,  19.        ,   0.        ,
         0.        ,   0.        ,  27.        ,  21.        ,
        14.        ,   0.        ,   0.        ,   0.        ,
         0.        ,   0.        ,   0.        ,  -1.        ,
        -1.        ,  -1.        ,   0.21277152,   0.24111027,
         0.41531898,  12.51014652,  -1.        ,  -1.        ,
        18.        ,  11.        ,  19.        ,   0.        ,
         0.        ,   0.        ,  26.        ,  19.        ,
        14.        ,   0.        ,   0.        ,   0.        ,
       199.99899625, 192.12463684, 173.52294148,   0.        ,
         0.        ,   0.        , 193.27736088, 135.00977356,
        97.41776286,   0.        ,   0.        ,   0.        ,
         0.        ,   0.        ,   0.        ,   0.        ,
         0.        ,   0.        ,   1.        ,   0.        ,
         0.        ,   0.        ,   0.        ,   0.        ,
         0.        ,   0.        ,   1.        ,   1.        ,
         0.        ,   0.        ,   1.        ,   1.        ,
         1.        ,   0.        ,   0.        ,   0.        ,
         1.        ,   0.        ]), array([2.40000000e+01, 2.50000000e+01, 2.50000000e+01, 5.00000000e+00,
       4.00000000e+00, 3.00000000e+00, 4.00000000e+00, 2.00000000e+01,
       2.50000000e+01, 2.50000000e+01, 2.00000000e+00, 3.00000000e+00,
       2.00000000e+00, 3.00000000e+00, 2.00000000e+00, 2.70000000e+01,
       2.70000000e+01, 2.00000000e+00, 4.00000000e+00, 4.00000000e+00,
       3.00000000e+00, 7.00000000e+00, 3.00000000e+00, 3.00000000e+00,
       3.00000000e+00, 2.00000000e+00, 2.40000000e+01, 2.00000000e+01,
       9.00000000e+00, 5.50000000e+00, 9.50000000e+00, 0.00000000e+00,
       0.00000000e+00, 0.00000000e+00, 1.35000000e+01, 1.10000000e+01,
       8.50000000e+00, 5.00000000e-01, 0.00000000e+00, 0.00000000e+00,
       1.50000000e+01, 1.25000000e+01, 1.20000000e+01, 0.00000000e+00,
       3.00000000e+00, 6.00000000e+00, 9.50000000e+00, 1.00000000e+01,
       1.30000000e+01, 0.00000000e+00, 0.00000000e+00, 0.00000000e+00,
       5.00000000e-01, 3.50000000e+00, 1.15000000e+01, 1.00000000e+00,
       0.00000000e+00, 1.25000000e+01, 2.00000000e+00, 1.50000000e+00,
       1.50000000e+00, 6.00000000e+00, 0.00000000e+00, 1.50000000e+00,
       5.00000000e-01, 5.00000000e-01, 1.00000000e+00, 1.05000000e+01,
       6.50000000e+00, 1.30000000e+01, 0.00000000e+00, 0.00000000e+00,
       1.50000000e+00, 5.50000000e+00, 5.00000000e-01, 1.25000000e+01,
       5.94681856e+01, 6.65505945e+01, 6.68005193e+01, 9.13668217e+01,
       6.37745024e+01, 4.82758621e+01, 7.24137931e+01, 4.72285540e+01,
       6.10335942e+01, 6.13005390e+01, 3.10344828e+01, 5.34482759e+01,
       4.65517241e+01, 3.10344828e+01, 3.58301715e+00, 6.46557355e+01,
       6.60591703e+01, 2.13458199e+01, 6.03155965e+01, 6.84445197e+01,
       5.51724138e+01, 1.24141584e+02, 4.27307875e+01, 4.68331790e+01,
       5.17241379e+01, 5.95796747e+00, 6.63891130e+01, 5.57500000e+01,
       2.30000000e+01, 2.50000000e+01, 2.40000000e+01, 5.00000000e+00,
       4.00000000e+00, 3.00000000e+00, 4.00000000e+00, 1.60000000e+01,
       2.40000000e+01, 2.50000000e+01, 0.00000000e+00, 3.00000000e+00,
       3.00000000e+00, 2.00000000e+00, 1.00000000e+00, 2.70000000e+01,
       2.70000000e+01, 0.00000000e+00, 3.00000000e+00, 4.00000000e+00,
       3.00000000e+00, 7.00000000e+00, 3.00000000e+00, 3.00000000e+00,
       3.00000000e+00, 0.00000000e+00, 2.40000000e+01, 2.00000000e+01,
       2.66411789e-01, 3.30602456e-02, 1.23623916e-01, 2.48316139e-03,
       2.57392198e-01, 3.10009675e-02, 9.44813053e-05, 6.72789930e-01,
       2.59158106e-01, 2.25064819e-02, 4.20022880e+00, 1.47750799e-02,
       2.41707355e-01, 0.00000000e+00, 2.17930342e+00, 1.07956576e-01,
       1.66479243e-02, 5.07032157e+00, 6.23574308e-01, 1.62906614e-01,
       3.57466841e-05, 3.94172831e-03, 2.60968384e-01, 1.05491313e-01,
       1.57058226e-04, 6.76879889e+00, 1.39499203e-01, 1.99899107e-01,
       2.20000000e+01, 2.50000000e+01, 2.40000000e+01, 5.00000000e+00,
       4.00000000e+00, 3.00000000e+00, 4.00000000e+00, 1.60000000e+01,
       2.40000000e+01, 2.50000000e+01, 0.00000000e+00, 2.00000000e+00,
       2.00000000e+00, 2.00000000e+00, 1.00000000e+00, 2.70000000e+01,
       2.70000000e+01, 0.00000000e+00, 3.00000000e+00, 4.00000000e+00,
       3.00000000e+00, 7.00000000e+00, 3.00000000e+00, 3.00000000e+00,
       3.00000000e+00, 0.00000000e+00, 2.40000000e+01, 2.00000000e+01,
       1.75052999e+02, 1.97984176e+02, 1.87272166e+02, 2.90000000e+01,
       2.82506445e+01, 2.69230889e+01, 2.85033528e+01, 1.07757832e+02,
       1.85564934e+02, 1.97707470e+02, 0.00000000e+00, 1.25214523e+01,
       1.16922442e+01, 1.15010071e+01, 2.16603430e+00, 2.00000000e+02,
       1.98149843e+02, 0.00000000e+00, 1.84968631e+01, 2.89924391e+01,
       2.10021478e+01, 2.70042660e+01, 1.97720110e+01, 2.01988708e+01,
       2.00037310e+01, 0.00000000e+00, 1.97479922e+02, 1.65646482e+02,
       0.00000000e+00, 1.00000000e+00, 1.00000000e+00, 1.00000000e+00,
       1.00000000e+00, 0.00000000e+00, 1.00000000e+00, 0.00000000e+00,
       1.00000000e+00, 1.00000000e+00, 0.00000000e+00, 0.00000000e+00,
       0.00000000e+00, 0.00000000e+00, 0.00000000e+00, 1.00000000e+00,
       1.00000000e+00, 0.00000000e+00, 1.00000000e+00, 1.00000000e+00,
       0.00000000e+00, 1.00000000e+00, 0.00000000e+00, 0.00000000e+00,
       0.00000000e+00, 0.00000000e+00, 1.00000000e+00, 0.00000000e+00,
       1.00000000e+00, 1.00000000e+00, 1.00000000e+00, 1.00000000e+00,
       0.00000000e+00, 0.00000000e+00, 0.00000000e+00, 1.00000000e+00,
       0.00000000e+00, 1.00000000e+00, 0.00000000e+00, 0.00000000e+00,
       1.00000000e+00, 1.00000000e+00, 1.00000000e+00, 1.00000000e+00,
       0.00000000e+00, 0.00000000e+00, 0.00000000e+00, 0.00000000e+00,
       1.00000000e+00, 1.00000000e+00, 0.00000000e+00, 0.00000000e+00]), array([ 3.00000000e+01,  2.50000000e+01,  2.40000000e+01,  0.00000000e+00,
        6.00000000e+00,  1.20000000e+01,  1.90000000e+01,  2.00000000e+01,
        2.60000000e+01,  0.00000000e+00,  0.00000000e+00,  0.00000000e+00,
        1.20000000e+01,  1.25000000e+01,  1.25000000e+01,  2.50000000e+00,
        2.00000000e+00,  1.50000000e+00,  2.00000000e+00,  1.00000000e+01,
        1.25000000e+01,  1.25000000e+01,  1.00000000e+00,  1.50000000e+00,
        1.00000000e+00,  1.50000000e+00,  1.00000000e+00,  1.35000000e+01,
        1.35000000e+01,  1.00000000e+00,  2.00000000e+00,  2.00000000e+00,
        1.50000000e+00,  3.50000000e+00,  1.50000000e+00,  1.50000000e+00,
        1.50000000e+00,  1.00000000e+00,  1.20000000e+01,  1.00000000e+01,
        1.30000000e+01,  1.25000000e+01,  1.30000000e+01,  0.00000000e+00,
        0.00000000e+00,  1.20000000e+01,  1.30000000e+01,  1.35000000e+01,
        1.35000000e+01,  2.00000000e+00,  2.00000000e+00,  1.30000000e+01,
        4.50000000e+00,  0.00000000e+00,  0.00000000e+00,  1.15000000e+01,
        1.10000000e+01,  1.40000000e+01,  5.00000000e+00,  8.50000000e+00,
        1.35000000e+01,  1.00000000e+00,  5.00000000e-01,  5.00000000e-01,
        7.92330441e+01,  6.29821710e+01,  6.25641578e+01,  0.00000000e+00,
        1.35000000e+01,  2.62733162e+01,  5.00000000e+01,  5.05000000e+01,
        6.00072067e+01,  0.00000000e+00,  0.00000000e+00,  0.00000000e+00,
        3.00000000e+01,  2.50000000e+01,  2.40000000e+01,  0.00000000e+00,
        1.00000000e+00,  8.00000000e+00,  1.40000000e+01,  1.90000000e+01,
        2.60000000e+01,  0.00000000e+00,  0.00000000e+00,  0.00000000e+00,
        1.55880908e-04,  6.88629716e-05,  9.34915822e-03, -1.00000000e+00,
        6.11517120e+00,  1.40911055e+00,  1.35056200e+00,  2.51548956e-01,
        8.23021651e-04, -1.00000000e+00, -1.00000000e+00, -1.00000000e+00,
        3.00000000e+01,  2.50000000e+01,  2.40000000e+01,  0.00000000e+00,
        1.00000000e+00,  5.00000000e+00,  1.30000000e+01,  1.80000000e+01,
        2.60000000e+01,  0.00000000e+00,  0.00000000e+00,  0.00000000e+00,
        1.99998981e+02,  1.99998987e+02,  1.99999000e+02,  0.00000000e+00,
        4.50000000e+00,  3.75183569e+01,  8.95804887e+01,  1.63578370e+02,
        1.99998994e+02,  0.00000000e+00,  0.00000000e+00,  0.00000000e+00,
        1.00000000e+00,  1.00000000e+00,  1.00000000e+00,  0.00000000e+00,
        0.00000000e+00,  0.00000000e+00,  0.00000000e+00,  0.00000000e+00,
        1.00000000e+00,  0.00000000e+00,  0.00000000e+00,  0.00000000e+00,
        1.00000000e+00,  1.00000000e+00,  0.00000000e+00,  0.00000000e+00,
        0.00000000e+00,  0.00000000e+00,  1.00000000e+00,  1.00000000e+00,
        0.00000000e+00,  1.00000000e+00,  0.00000000e+00,  1.00000000e+00,
        0.00000000e+00,  0.00000000e+00]), array([ 1.10000000e+01,  3.00000000e+00,  8.00000000e+00,  1.60000000e+01,
        8.00000000e+00,  8.00000000e+00,  2.60000000e+01,  2.50000000e+01,
        2.70000000e+01,  1.00000000e+00,  0.00000000e+00,  2.50000000e+01,
        5.00000000e-01,  5.00000000e-01,  1.00000000e+00,  1.05000000e+01,
        6.50000000e+00,  1.30000000e+01,  0.00000000e+00,  0.00000000e+00,
        1.50000000e+00,  5.50000000e+00,  5.00000000e-01,  1.25000000e+01,
        9.00000000e+00,  5.50000000e+00,  9.50000000e+00,  0.00000000e+00,
        0.00000000e+00,  0.00000000e+00,  1.35000000e+01,  1.10000000e+01,
        8.50000000e+00,  5.00000000e-01,  0.00000000e+00,  0.00000000e+00,
        2.90000000e+01,  7.50000000e+00,  2.40000000e+01,  4.15000000e+01,
        2.10000000e+01,  2.10000000e+01,  6.87366594e+01,  6.56019677e+01,
        6.45000000e+01,  2.00000000e+00,  0.00000000e+00,  6.27252039e+01,
        1.00000000e+01,  3.00000000e+00,  8.00000000e+00,  1.60000000e+01,
        8.00000000e+00,  8.00000000e+00,  2.60000000e+01,  2.50000000e+01,
        2.70000000e+01,  0.00000000e+00,  0.00000000e+00,  2.30000000e+01,
        9.05813673e-01,  0.00000000e+00,  0.00000000e+00,  0.00000000e+00,
        1.16324207e-02,  0.00000000e+00,  0.00000000e+00,  1.82136783e-01,
        5.24857406e-03,  1.18989691e+01, -1.00000000e+00,  3.08885764e-01,
        1.00000000e+01,  3.00000000e+00,  8.00000000e+00,  1.60000000e+01,
        8.00000000e+00,  8.00000000e+00,  2.60000000e+01,  2.40000000e+01,
        2.70000000e+01,  0.00000000e+00,  0.00000000e+00,  2.20000000e+01,
        8.25093086e+01,  2.00020352e+01,  7.40083091e+01,  1.20515291e+02,
        5.97267773e+01,  5.95071683e+01,  1.99998928e+02,  1.86120983e+02,
        1.94243044e+02,  0.00000000e+00,  0.00000000e+00,  1.65245118e+02,
        0.00000000e+00,  0.00000000e+00,  0.00000000e+00,  0.00000000e+00,
        0.00000000e+00,  0.00000000e+00,  1.00000000e+00,  1.00000000e+00,
        1.00000000e+00,  0.00000000e+00,  0.00000000e+00,  1.00000000e+00,
        0.00000000e+00,  0.00000000e+00,  1.00000000e+00,  1.00000000e+00,
        0.00000000e+00,  0.00000000e+00,  1.00000000e+00,  1.00000000e+00,
        1.00000000e+00,  1.00000000e+00,  0.00000000e+00,  0.00000000e+00]), array([ 1.00000000e+00,  1.00000000e+00,  2.00000000e+00,  2.10000000e+01,
        1.30000000e+01,  2.60000000e+01,  0.00000000e+00,  0.00000000e+00,
        3.00000000e+00,  1.10000000e+01,  1.00000000e+00,  2.50000000e+01,
        5.50000000e+00,  1.50000000e+00,  4.00000000e+00,  8.00000000e+00,
        4.00000000e+00,  4.00000000e+00,  1.30000000e+01,  1.25000000e+01,
        1.35000000e+01,  5.00000000e-01,  0.00000000e+00,  1.25000000e+01,
        4.50000000e+00,  0.00000000e+00,  0.00000000e+00,  1.15000000e+01,
        1.10000000e+01,  1.40000000e+01,  5.00000000e+00,  8.50000000e+00,
        1.35000000e+01,  1.00000000e+00,  5.00000000e-01,  5.00000000e-01,
        1.20000000e+01,  1.25000000e+01,  1.25000000e+01,  2.50000000e+00,
        2.00000000e+00,  1.50000000e+00,  2.00000000e+00,  1.00000000e+01,
        1.25000000e+01,  1.25000000e+01,  1.00000000e+00,  1.50000000e+00,
        1.00000000e+00,  1.50000000e+00,  1.00000000e+00,  1.35000000e+01,
        1.35000000e+01,  1.00000000e+00,  2.00000000e+00,  2.00000000e+00,
        1.50000000e+00,  3.50000000e+00,  1.50000000e+00,  1.50000000e+00,
        1.50000000e+00,  1.00000000e+00,  1.20000000e+01,  1.00000000e+01,
        2.50000000e+00,  2.00000000e+00,  6.00000000e+00,  4.82500000e+01,
        3.20000000e+01,  5.95000000e+01,  0.00000000e+00,  0.00000000e+00,
        6.25000000e+00,  2.20000000e+01,  3.00000000e+00,  6.35794727e+01,
        0.00000000e+00,  0.00000000e+00,  0.00000000e+00,  2.10000000e+01,
        1.30000000e+01,  2.60000000e+01,  0.00000000e+00,  0.00000000e+00,
        0.00000000e+00,  8.00000000e+00,  1.00000000e+00,  2.40000000e+01,
        9.46305884e+00,  1.44364456e+01,  1.06278200e+01,  6.81652241e-06,
        0.00000000e+00,  7.40696956e-03, -1.00000000e+00, -1.00000000e+00,
        9.79803424e+00,  2.52255749e+00,  0.00000000e+00,  2.50634066e-01,
        0.00000000e+00,  0.00000000e+00,  0.00000000e+00,  2.10000000e+01,
        1.30000000e+01,  2.60000000e+01,  0.00000000e+00,  0.00000000e+00,
        0.00000000e+00,  8.00000000e+00,  1.00000000e+00,  2.30000000e+01,
        0.00000000e+00,  0.00000000e+00,  0.00000000e+00,  1.91246431e+02,
        1.91258672e+02,  1.99498533e+02,  0.00000000e+00,  0.00000000e+00,
        0.00000000e+00,  4.95082415e+01,  6.00000000e+00,  1.73757935e+02,
        0.00000000e+00,  0.00000000e+00,  0.00000000e+00,  0.00000000e+00,
        0.00000000e+00,  0.00000000e+00,  0.00000000e+00,  0.00000000e+00,
        0.00000000e+00,  0.00000000e+00,  0.00000000e+00,  1.00000000e+00,
        1.00000000e+00,  0.00000000e+00,  0.00000000e+00,  0.00000000e+00,
        1.00000000e+00,  0.00000000e+00,  0.00000000e+00,  1.00000000e+00,
        0.00000000e+00,  1.00000000e+00,  0.00000000e+00,  0.00000000e+00,
        1.00000000e+00,  1.00000000e+00]), array([ 9.00000000e+00,  0.00000000e+00,  0.00000000e+00,  2.30000000e+01,
        2.20000000e+01,  2.80000000e+01,  1.00000000e+01,  1.70000000e+01,
        2.70000000e+01,  2.00000000e+00,  1.00000000e+00,  1.00000000e+00,
        5.00000000e-01,  5.00000000e-01,  1.00000000e+00,  1.05000000e+01,
        6.50000000e+00,  1.30000000e+01,  0.00000000e+00,  0.00000000e+00,
        1.50000000e+00,  5.50000000e+00,  5.00000000e-01,  1.25000000e+01,
        1.50000000e+01,  1.25000000e+01,  1.20000000e+01,  0.00000000e+00,
        3.00000000e+00,  6.00000000e+00,  9.50000000e+00,  1.00000000e+01,
        1.30000000e+01,  0.00000000e+00,  0.00000000e+00,  0.00000000e+00,
        2.29632551e+01,  0.00000000e+00,  0.00000000e+00,  5.82500000e+01,
        5.37500000e+01,  6.59233502e+01,  2.45097214e+01,  4.01921765e+01,
        6.30331325e+01,  6.00000000e+00,  2.50000000e+00,  3.00000000e+00,
        9.00000000e+00,  0.00000000e+00,  0.00000000e+00,  2.30000000e+01,
        2.10000000e+01,  2.80000000e+01,  1.00000000e+01,  1.70000000e+01,
        2.70000000e+01,  0.00000000e+00,  0.00000000e+00,  0.00000000e+00,
        0.00000000e+00, -1.00000000e+00, -1.00000000e+00,  1.01418760e-03,
        3.35770313e-01,  0.00000000e+00,  5.49581873e-04,  0.00000000e+00,
        7.78937521e-02,  1.19613273e+01,  1.51000747e+01,  1.00888723e+01,
        9.00000000e+00,  0.00000000e+00,  0.00000000e+00,  2.30000000e+01,
        2.10000000e+01,  2.80000000e+01,  1.00000000e+01,  1.70000000e+01,
        2.70000000e+01,  0.00000000e+00,  0.00000000e+00,  0.00000000e+00,
        6.59348539e+01,  0.00000000e+00,  0.00000000e+00,  1.71633392e+02,
        1.61669712e+02,  1.99998907e+02,  1.99998938e+02,  1.92774665e+02,
        1.99998939e+02,  0.00000000e+00,  0.00000000e+00,  0.00000000e+00,
        0.00000000e+00,  0.00000000e+00,  0.00000000e+00,  0.00000000e+00,
        0.00000000e+00,  1.00000000e+00,  0.00000000e+00,  0.00000000e+00,
        1.00000000e+00,  0.00000000e+00,  0.00000000e+00,  0.00000000e+00,
        0.00000000e+00,  0.00000000e+00,  1.00000000e+00,  1.00000000e+00,
        0.00000000e+00,  0.00000000e+00,  0.00000000e+00,  1.00000000e+00,
        0.00000000e+00,  1.00000000e+00,  0.00000000e+00,  0.00000000e+00])], a: [2, 1, 4, 1, 0, 3, 0, 0, 1], pi: [array([1.5243483e-04, 1.3539265e-01, 9.9967122e-01, 1.3538967e-01,
       4.6790770e-05, 7.3986346e-05], dtype=float32), array([1.3536341e-01, 1.1353604e+00, 1.3536337e-01, 1.3536337e-01,
       9.5851863e-07, 1.9090653e-06], dtype=float32), array([1.5689747e-04, 1.6744167e-04, 1.1469815e-04, 9.1796287e-04,
       1.3564500e-01, 1.1337247e+00], dtype=float32), array([1.3536358e-01, 1.1353561e+00, 1.3536473e-01, 1.3536376e-01,
       1.6793999e-06, 3.7261216e-06], dtype=float32), array([0.94600844, 0.32471824], dtype=float32), array([1.35407537e-01, 1.35389358e-01, 1.35375395e-01, 1.13511300e+00,
       1.03681545e-04, 6.44501342e-05], dtype=float32), array([1.3638505e-01, 8.5432874e-04, 1.6962551e-04, 2.4188260e-04,
       1.1330198e+00, 5.5987202e-05], dtype=float32), array([1.1352719e+00, 1.3537352e-01, 1.4425724e-05, 5.7897752e-05,
       1.3536870e-01, 1.3536687e-01], dtype=float32), array([0.1361035 , 1.1307327 , 0.13555564, 0.13574292, 0.00161843,
       0.00170029], dtype=float32)], r: -6395.00, train r: -2428.83, done: True
2021-01-30 16:09:54,919 [INFO] Training: global step 30000, episode step 80,
                                   ob: [array([ 0.00000000e+00,  0.00000000e+00,  4.00000000e+00,  6.00000000e+00,
        6.00000000e+00,  7.00000000e+00,  1.10000000e+01,  9.00000000e+00,
        2.60000000e+01,  2.90000000e+01,  2.80000000e+01,  2.90000000e+01,
        2.00000000e+00,  3.00000000e+00,  1.15000000e+01,  4.50000000e+00,
        6.00000000e+00,  1.25000000e+01,  1.00000000e+00,  5.00000000e-01,
        1.00000000e+00,  2.50000000e+00,  1.00000000e+00,  0.00000000e+00,
        0.00000000e+00,  5.00000000e+00,  1.25000000e+01,  5.00000000e-01,
        0.00000000e+00,  0.00000000e+00,  1.00000000e+00,  0.00000000e+00,
        1.50000000e+00,  0.00000000e+00,  0.00000000e+00,  0.00000000e+00,
        0.00000000e+00,  0.00000000e+00,  1.05000000e+01,  1.30000000e+01,
        1.25000000e+01,  1.45000000e+01,  2.62500000e+01,  2.25000000e+01,
        6.35000000e+01,  6.49849340e+01,  6.60000000e+01,  6.37500000e+01,
        0.00000000e+00,  0.00000000e+00,  0.00000000e+00,  6.00000000e+00,
        6.00000000e+00,  7.00000000e+00,  1.10000000e+01,  9.00000000e+00,
        2.60000000e+01,  2.90000000e+01,  2.80000000e+01,  2.90000000e+01,
       -1.00000000e+00, -1.00000000e+00,  1.03601940e+01,  0.00000000e+00,
        0.00000000e+00,  0.00000000e+00,  2.80444396e-05,  1.02577154e-02,
        0.00000000e+00,  0.00000000e+00,  0.00000000e+00,  0.00000000e+00,
        0.00000000e+00,  0.00000000e+00,  0.00000000e+00,  6.00000000e+00,
        6.00000000e+00,  7.00000000e+00,  1.10000000e+01,  9.00000000e+00,
        2.60000000e+01,  2.90000000e+01,  2.80000000e+01,  2.90000000e+01,
        0.00000000e+00,  0.00000000e+00,  0.00000000e+00,  3.85053156e+01,
        3.75052235e+01,  4.40062934e+01,  1.33018514e+02,  6.51610426e+01,
        1.96526887e+02,  1.99998992e+02,  1.99527934e+02,  1.97529021e+02,
        0.00000000e+00,  0.00000000e+00,  0.00000000e+00,  0.00000000e+00,
        0.00000000e+00,  0.00000000e+00,  0.00000000e+00,  0.00000000e+00,
        1.00000000e+00,  1.00000000e+00,  1.00000000e+00,  1.00000000e+00,
        1.00000000e+00,  1.00000000e+00,  0.00000000e+00,  0.00000000e+00,
        1.00000000e+00,  1.00000000e+00,  1.00000000e+00,  1.00000000e+00,
        1.00000000e+00,  1.00000000e+00,  0.00000000e+00,  0.00000000e+00]), array([4.00000000e+00, 6.00000000e+00, 2.30000000e+01, 9.00000000e+00,
       1.20000000e+01, 2.50000000e+01, 2.00000000e+00, 1.00000000e+00,
       2.00000000e+00, 5.00000000e+00, 2.00000000e+00, 0.00000000e+00,
       0.00000000e+00, 0.00000000e+00, 2.00000000e+00, 3.00000000e+00,
       3.00000000e+00, 3.50000000e+00, 5.50000000e+00, 4.50000000e+00,
       1.30000000e+01, 1.45000000e+01, 1.40000000e+01, 1.45000000e+01,
       1.10000000e+01, 1.50000000e+00, 1.00000000e+00, 5.00000000e-01,
       5.00000000e-01, 1.30000000e+01, 1.45000000e+01, 1.05000000e+01,
       1.35000000e+01, 0.00000000e+00, 2.00000000e+00, 9.50000000e+00,
       5.00000000e+00, 1.20000000e+01, 1.30000000e+01, 2.50000000e+00,
       1.50000000e+00, 1.50000000e+00, 1.00000000e+00, 1.20000000e+01,
       1.30000000e+01, 1.35000000e+01, 0.00000000e+00, 0.00000000e+00,
       0.00000000e+00, 5.00000000e-01, 0.00000000e+00, 0.00000000e+00,
       5.00000000e-01, 2.00000000e+00, 0.00000000e+00, 0.00000000e+00,
       0.00000000e+00, 1.50000000e+00, 2.00000000e+00, 2.00000000e+00,
       2.00000000e+00, 0.00000000e+00, 0.00000000e+00, 0.00000000e+00,
       1.20000000e+01, 1.80000000e+01, 6.87436079e+01, 2.37500000e+01,
       2.85000000e+01, 6.43721624e+01, 4.24466309e+00, 2.25000000e+00,
       4.50000000e+00, 1.15000000e+01, 5.00000000e+00, 0.00000000e+00,
       3.00000000e+00, 4.00000000e+00, 2.30000000e+01, 8.00000000e+00,
       1.10000000e+01, 2.50000000e+01, 2.00000000e+00, 1.00000000e+00,
       2.00000000e+00, 0.00000000e+00, 0.00000000e+00, 0.00000000e+00,
       5.12287966e-01, 6.78247502e-01, 1.82120501e-01, 7.83257886e-01,
       8.22531504e-01, 3.93959456e-02, 0.00000000e+00, 0.00000000e+00,
       0.00000000e+00, 1.05267096e+01, 6.53721898e+00, 4.49713414e+00,
       3.00000000e+00, 4.00000000e+00, 2.30000000e+01, 7.00000000e+00,
       1.10000000e+01, 2.50000000e+01, 2.00000000e+00, 1.00000000e+00,
       2.00000000e+00, 0.00000000e+00, 0.00000000e+00, 0.00000000e+00,
       2.31564809e+01, 3.32447444e+01, 1.99998930e+02, 5.17938456e+01,
       1.40998181e+02, 1.98100361e+02, 1.09903268e+01, 4.50000000e+00,
       1.15010858e+01, 0.00000000e+00, 0.00000000e+00, 0.00000000e+00,
       0.00000000e+00, 0.00000000e+00, 1.00000000e+00, 0.00000000e+00,
       0.00000000e+00, 1.00000000e+00, 0.00000000e+00, 0.00000000e+00,
       0.00000000e+00, 0.00000000e+00, 0.00000000e+00, 0.00000000e+00,
       0.00000000e+00, 0.00000000e+00, 1.00000000e+00, 1.00000000e+00,
       0.00000000e+00, 0.00000000e+00, 0.00000000e+00, 0.00000000e+00,
       0.00000000e+00, 0.00000000e+00, 1.00000000e+00, 1.00000000e+00,
       1.00000000e+00, 1.00000000e+00]), array([ 2.20000000e+01,  3.00000000e+00,  2.00000000e+00,  1.00000000e+00,
        1.00000000e+00,  2.60000000e+01,  2.90000000e+01,  2.10000000e+01,
        2.70000000e+01,  0.00000000e+00,  4.00000000e+00,  1.90000000e+01,
        2.00000000e+00,  3.00000000e+00,  1.15000000e+01,  4.50000000e+00,
        6.00000000e+00,  1.25000000e+01,  1.00000000e+00,  5.00000000e-01,
        1.00000000e+00,  2.50000000e+00,  1.00000000e+00,  0.00000000e+00,
        6.50000000e+00,  6.00000000e+00,  5.50000000e+00,  0.00000000e+00,
        1.50000000e+00,  1.50000000e+00,  4.00000000e+00,  1.50000000e+00,
        3.50000000e+00,  0.00000000e+00,  0.00000000e+00,  0.00000000e+00,
        5.73239351e+01,  8.00000000e+00,  5.50000000e+00,  2.00000000e+00,
        3.00000000e+00,  6.50357159e+01,  7.13180303e+01,  5.25000000e+01,
        6.46479767e+01,  0.00000000e+00,  1.14625577e+01,  4.13555346e+01,
        1.90000000e+01,  3.00000000e+00,  2.00000000e+00,  1.00000000e+00,
        1.00000000e+00,  2.60000000e+01,  2.80000000e+01,  2.10000000e+01,
        2.70000000e+01,  0.00000000e+00,  0.00000000e+00,  1.00000000e+01,
        6.35097348e-01,  0.00000000e+00,  0.00000000e+00,  0.00000000e+00,
        3.23438851e-01,  1.11522251e-01,  9.80927007e-02,  1.44065187e-01,
        1.17496061e-01, -1.00000000e+00,  8.62626661e+00,  1.99796924e+00,
        1.70000000e+01,  3.00000000e+00,  2.00000000e+00,  1.00000000e+00,
        0.00000000e+00,  2.60000000e+01,  2.80000000e+01,  2.10000000e+01,
        2.70000000e+01,  0.00000000e+00,  0.00000000e+00,  6.00000000e+00,
        1.37650253e+02,  1.99654533e+02,  1.35010208e+01,  4.00000000e+00,
        0.00000000e+00,  1.99998962e+02,  1.94694858e+02,  1.68361346e+02,
        1.99998974e+02,  0.00000000e+00,  0.00000000e+00,  3.65841194e+01,
        0.00000000e+00,  0.00000000e+00,  0.00000000e+00,  0.00000000e+00,
        0.00000000e+00,  1.00000000e+00,  1.00000000e+00,  0.00000000e+00,
        1.00000000e+00,  0.00000000e+00,  0.00000000e+00,  0.00000000e+00,
        1.00000000e+00,  1.00000000e+00,  0.00000000e+00,  0.00000000e+00,
        1.00000000e+00,  1.00000000e+00,  0.00000000e+00,  1.00000000e+00,
        0.00000000e+00,  1.00000000e+00,  0.00000000e+00,  0.00000000e+00]), array([  0.        ,  10.        ,  25.        ,   1.        ,
         0.        ,   0.        ,   2.        ,   0.        ,
         3.        ,   0.        ,   0.        ,   0.        ,
         0.        ,   0.        ,   2.        ,   3.        ,
         3.        ,   3.5       ,   5.5       ,   4.5       ,
        13.        ,  14.5       ,  14.        ,  14.5       ,
         5.        ,  12.        ,  13.        ,   2.5       ,
         1.5       ,   1.5       ,   1.        ,  12.        ,
        13.        ,  13.5       ,   0.        ,   0.        ,
         0.        ,   0.5       ,   0.        ,   0.        ,
         0.5       ,   2.        ,   0.        ,   0.        ,
         0.        ,   1.5       ,   2.        ,   2.        ,
         2.        ,   0.        ,   0.        ,   0.        ,
         4.        ,   3.        ,   3.5       ,   0.5       ,
         0.5       ,   1.        ,  12.5       ,   3.5       ,
         3.5       ,   1.        ,   2.5       ,  13.5       ,
         0.        ,  27.00051246,  68.5       ,   0.2083102 ,
         0.        ,   0.        ,   5.        ,   0.        ,
         6.        ,   0.        ,   0.        ,   0.        ,
         0.        ,  10.        ,  25.        ,   0.        ,
         0.        ,   0.        ,   1.        ,   0.        ,
         2.        ,   0.        ,   0.        ,   0.        ,
        -1.        ,   0.        ,   0.        ,  12.28544698,
        -1.        ,  -1.        ,   5.457586  ,  -1.        ,
         2.08720642,  -1.        ,  -1.        ,  -1.        ,
         0.        ,  10.        ,  25.        ,   0.        ,
         0.        ,   0.        ,   1.        ,   0.        ,
         2.        ,   0.        ,   0.        ,   0.        ,
         0.        , 124.54653274, 199.18678753,   0.        ,
         0.        ,   0.        ,   4.        ,   0.        ,
        10.50100213,   0.        ,   0.        ,   0.        ,
         0.        ,   0.        ,   1.        ,   0.        ,
         0.        ,   0.        ,   0.        ,   0.        ,
         0.        ,   0.        ,   0.        ,   0.        ,
         0.        ,   0.        ,   1.        ,   1.        ,
         0.        ,   0.        ,   1.        ,   1.        ,
         0.        ,   0.        ,   0.        ,   0.        ,
         1.        ,   1.        ]), array([ 1.00000000e+01,  2.40000000e+01,  2.60000000e+01,  5.00000000e+00,
        3.00000000e+00,  3.00000000e+00,  2.00000000e+00,  2.40000000e+01,
        2.60000000e+01,  2.70000000e+01,  0.00000000e+00,  0.00000000e+00,
        0.00000000e+00,  1.00000000e+00,  0.00000000e+00,  0.00000000e+00,
        1.00000000e+00,  4.00000000e+00,  0.00000000e+00,  0.00000000e+00,
        0.00000000e+00,  3.00000000e+00,  4.00000000e+00,  4.00000000e+00,
        4.00000000e+00,  0.00000000e+00,  0.00000000e+00,  0.00000000e+00,
        0.00000000e+00,  5.00000000e+00,  1.25000000e+01,  5.00000000e-01,
        0.00000000e+00,  0.00000000e+00,  1.00000000e+00,  0.00000000e+00,
        1.50000000e+00,  0.00000000e+00,  0.00000000e+00,  0.00000000e+00,
        6.50000000e+00,  6.00000000e+00,  5.50000000e+00,  0.00000000e+00,
        1.50000000e+00,  1.50000000e+00,  4.00000000e+00,  1.50000000e+00,
        3.50000000e+00,  0.00000000e+00,  0.00000000e+00,  0.00000000e+00,
        2.00000000e+00,  3.00000000e+00,  1.15000000e+01,  4.50000000e+00,
        6.00000000e+00,  1.25000000e+01,  1.00000000e+00,  5.00000000e-01,
        1.00000000e+00,  2.50000000e+00,  1.00000000e+00,  0.00000000e+00,
        1.50000000e+00,  5.00000000e-01,  5.00000000e-01,  3.50000000e+00,
        1.50000000e+00,  1.00000000e+01,  5.00000000e-01,  0.00000000e+00,
        1.00000000e+00,  1.15000000e+01,  9.50000000e+00,  1.25000000e+01,
        2.47500000e+01,  6.30000000e+01,  6.50963524e+01,  6.54998880e+01,
        4.82758621e+01,  4.47608520e+01,  3.10344828e+01,  5.77570537e+01,
        6.30798501e+01,  6.57500000e+01,  0.00000000e+00,  0.00000000e+00,
        0.00000000e+00,  1.55172414e+01,  0.00000000e+00,  0.00000000e+00,
        2.25000000e+00,  3.50025606e+01,  1.72413793e+01,  0.00000000e+00,
        0.00000000e+00,  3.85329796e+01,  6.37966862e+01,  6.71327317e+01,
        6.68294640e+01,  0.00000000e+00,  0.00000000e+00,  0.00000000e+00,
        2.00000000e+00,  2.30000000e+01,  2.50000000e+01,  5.00000000e+00,
        3.00000000e+00,  3.00000000e+00,  2.00000000e+00,  2.40000000e+01,
        2.60000000e+01,  2.70000000e+01,  0.00000000e+00,  0.00000000e+00,
        0.00000000e+00,  1.00000000e+00,  0.00000000e+00,  0.00000000e+00,
        0.00000000e+00,  2.00000000e+00,  0.00000000e+00,  0.00000000e+00,
        0.00000000e+00,  3.00000000e+00,  4.00000000e+00,  4.00000000e+00,
        4.00000000e+00,  0.00000000e+00,  0.00000000e+00,  0.00000000e+00,
        2.28599878e+00,  1.99820014e-01,  2.00456361e-01,  3.64086237e-05,
        4.30921522e-02,  2.63020958e-02,  0.00000000e+00,  1.04908002e-01,
        7.58233763e-02,  0.00000000e+00, -1.00000000e+00, -1.00000000e+00,
       -1.00000000e+00,  2.22303158e-04, -1.00000000e+00, -1.00000000e+00,
        1.13681801e+01,  1.64887010e+00,  1.89637787e+00, -1.00000000e+00,
       -1.00000000e+00,  2.76906256e-01,  1.97095880e-02,  1.06964833e-01,
        7.40741236e-03, -1.00000000e+00, -1.00000000e+00, -1.00000000e+00,
        2.00000000e+00,  2.30000000e+01,  2.50000000e+01,  5.00000000e+00,
        3.00000000e+00,  3.00000000e+00,  2.00000000e+00,  2.40000000e+01,
        2.60000000e+01,  2.70000000e+01,  0.00000000e+00,  0.00000000e+00,
        0.00000000e+00,  1.00000000e+00,  0.00000000e+00,  0.00000000e+00,
        0.00000000e+00,  2.00000000e+00,  0.00000000e+00,  0.00000000e+00,
        0.00000000e+00,  3.00000000e+00,  4.00000000e+00,  4.00000000e+00,
        4.00000000e+00,  0.00000000e+00,  0.00000000e+00,  0.00000000e+00,
        1.16547477e+01,  1.86110081e+02,  1.87648869e+02,  2.90000000e+01,
        2.69942466e+01,  2.89784136e+01,  1.15010480e+01,  1.86227723e+02,
        2.00000000e+02,  1.96527126e+02,  0.00000000e+00,  0.00000000e+00,
        0.00000000e+00,  4.50000000e+00,  0.00000000e+00,  0.00000000e+00,
        0.00000000e+00,  1.09557585e+01,  0.00000000e+00,  0.00000000e+00,
        0.00000000e+00,  2.90000000e+01,  2.60520162e+01,  2.89976371e+01,
        2.68983049e+01,  0.00000000e+00,  0.00000000e+00,  0.00000000e+00,
        0.00000000e+00,  1.00000000e+00,  1.00000000e+00,  1.00000000e+00,
        0.00000000e+00,  0.00000000e+00,  0.00000000e+00,  0.00000000e+00,
        1.00000000e+00,  1.00000000e+00,  0.00000000e+00,  0.00000000e+00,
        0.00000000e+00,  0.00000000e+00,  0.00000000e+00,  0.00000000e+00,
        0.00000000e+00,  0.00000000e+00,  0.00000000e+00,  0.00000000e+00,
        0.00000000e+00,  0.00000000e+00,  1.00000000e+00,  1.00000000e+00,
        1.00000000e+00,  0.00000000e+00,  0.00000000e+00,  0.00000000e+00,
        1.00000000e+00,  1.00000000e+00,  1.00000000e+00,  1.00000000e+00,
        0.00000000e+00,  0.00000000e+00,  0.00000000e+00,  1.00000000e+00,
        0.00000000e+00,  1.00000000e+00,  0.00000000e+00,  0.00000000e+00,
        1.00000000e+00,  1.00000000e+00,  0.00000000e+00,  0.00000000e+00,
        1.00000000e+00,  1.00000000e+00,  1.00000000e+00,  1.00000000e+00,
        0.00000000e+00,  0.00000000e+00,  1.00000000e+00,  1.00000000e+00]), array([13.        , 12.        , 11.        ,  0.        ,  3.        ,
        3.        ,  8.        ,  3.        ,  7.        ,  0.        ,
        0.        ,  0.        ,  5.        , 12.        , 13.        ,
        2.5       ,  1.5       ,  1.5       ,  1.        , 12.        ,
       13.        , 13.5       ,  0.        ,  0.        ,  0.        ,
        0.5       ,  0.        ,  0.        ,  0.5       ,  2.        ,
        0.        ,  0.        ,  0.        ,  1.5       ,  2.        ,
        2.        ,  2.        ,  0.        ,  0.        ,  0.        ,
       11.        ,  1.5       ,  1.        ,  0.5       ,  0.5       ,
       13.        , 14.5       , 10.5       , 13.5       ,  0.        ,
        2.        ,  9.5       ,  0.        ,  0.        ,  0.        ,
        1.5       ,  1.5       ,  2.        ,  8.        ,  9.        ,
       11.        ,  1.        ,  2.        ,  9.5       , 31.22329826,
       29.25      , 33.        ,  0.        ,  6.75      ,  6.75      ,
       23.        ,  7.5       , 17.5       ,  0.        ,  0.        ,
        0.        , 12.        , 11.        , 10.        ,  0.        ,
        3.        ,  0.        ,  2.        ,  0.        ,  0.        ,
        0.        ,  0.        ,  0.        ,  0.45449393,  0.33677065,
        0.42555023, -1.        ,  0.10076994,  7.06790601,  6.94414081,
        8.9857049 ,  9.71856634, -1.        , -1.        , -1.        ,
       12.        , 11.        , 10.        ,  0.        ,  3.        ,
        0.        ,  2.        ,  0.        ,  0.        ,  0.        ,
        0.        ,  0.        , 87.01122713, 82.00544725, 85.03068965,
        0.        , 18.71541325,  0.        ,  6.00016033,  0.        ,
        0.        ,  0.        ,  0.        ,  0.        ,  0.        ,
        0.        ,  0.        ,  0.        ,  0.        ,  0.        ,
        0.        ,  0.        ,  0.        ,  0.        ,  0.        ,
        0.        ,  1.        ,  1.        ,  0.        ,  0.        ,
        0.        ,  0.        ,  1.        ,  1.        ,  1.        ,
        1.        ,  0.        ,  0.        ,  1.        ,  1.        ]), array([8.00000000e+00, 6.00000000e+00, 7.00000000e+00, 1.00000000e+00,
       1.00000000e+00, 2.00000000e+00, 2.50000000e+01, 7.00000000e+00,
       7.00000000e+00, 2.00000000e+00, 5.00000000e+00, 2.70000000e+01,
       1.50000000e+00, 5.00000000e-01, 5.00000000e-01, 3.50000000e+00,
       1.50000000e+00, 1.00000000e+01, 5.00000000e-01, 0.00000000e+00,
       1.00000000e+00, 1.15000000e+01, 9.50000000e+00, 1.25000000e+01,
       0.00000000e+00, 5.00000000e+00, 1.25000000e+01, 5.00000000e-01,
       0.00000000e+00, 0.00000000e+00, 1.00000000e+00, 0.00000000e+00,
       1.50000000e+00, 0.00000000e+00, 0.00000000e+00, 0.00000000e+00,
       1.85000000e+01, 1.65000000e+01, 1.85000000e+01, 2.25000000e+00,
       3.00000000e+00, 6.00000000e+00, 6.55505516e+01, 1.80000000e+01,
       1.90000000e+01, 4.00000000e+00, 1.02500000e+01, 6.62029549e+01,
       8.00000000e+00, 6.00000000e+00, 7.00000000e+00, 1.00000000e+00,
       1.00000000e+00, 2.00000000e+00, 2.50000000e+01, 7.00000000e+00,
       7.00000000e+00, 2.00000000e+00, 5.00000000e+00, 2.70000000e+01,
       4.72460396e-04, 2.85611559e-04, 0.00000000e+00, 0.00000000e+00,
       0.00000000e+00, 0.00000000e+00, 5.76712307e-02, 0.00000000e+00,
       3.47027691e-05, 0.00000000e+00, 0.00000000e+00, 1.05962718e-03,
       8.00000000e+00, 6.00000000e+00, 7.00000000e+00, 1.00000000e+00,
       1.00000000e+00, 2.00000000e+00, 2.50000000e+01, 7.00000000e+00,
       7.00000000e+00, 2.00000000e+00, 5.00000000e+00, 2.70000000e+01,
       5.45083094e+01, 4.55070042e+01, 5.20061106e+01, 4.50000000e+00,
       6.00000000e+00, 1.45010030e+01, 1.97626704e+02, 5.42063344e+01,
       6.15073101e+01, 1.05010141e+01, 3.24504564e+01, 1.99998970e+02,
       0.00000000e+00, 0.00000000e+00, 0.00000000e+00, 0.00000000e+00,
       0.00000000e+00, 0.00000000e+00, 1.00000000e+00, 0.00000000e+00,
       0.00000000e+00, 0.00000000e+00, 0.00000000e+00, 1.00000000e+00,
       1.00000000e+00, 1.00000000e+00, 0.00000000e+00, 0.00000000e+00,
       1.00000000e+00, 1.00000000e+00, 1.00000000e+00, 1.00000000e+00,
       1.00000000e+00, 1.00000000e+00, 0.00000000e+00, 0.00000000e+00]), array([ 3.00000000e+00,  1.00000000e+00,  1.00000000e+00,  7.00000000e+00,
        3.00000000e+00,  2.00000000e+01,  1.00000000e+00,  0.00000000e+00,
        2.00000000e+00,  2.30000000e+01,  1.90000000e+01,  2.50000000e+01,
        4.00000000e+00,  3.00000000e+00,  3.50000000e+00,  5.00000000e-01,
        5.00000000e-01,  1.00000000e+00,  1.25000000e+01,  3.50000000e+00,
        3.50000000e+00,  1.00000000e+00,  2.50000000e+00,  1.35000000e+01,
        0.00000000e+00,  0.00000000e+00,  0.00000000e+00,  1.50000000e+00,
        1.50000000e+00,  2.00000000e+00,  8.00000000e+00,  9.00000000e+00,
        1.10000000e+01,  1.00000000e+00,  2.00000000e+00,  9.50000000e+00,
        5.00000000e+00,  1.20000000e+01,  1.30000000e+01,  2.50000000e+00,
        1.50000000e+00,  1.50000000e+00,  1.00000000e+00,  1.20000000e+01,
        1.30000000e+01,  1.35000000e+01,  0.00000000e+00,  0.00000000e+00,
        0.00000000e+00,  5.00000000e-01,  0.00000000e+00,  0.00000000e+00,
        5.00000000e-01,  2.00000000e+00,  0.00000000e+00,  0.00000000e+00,
        0.00000000e+00,  1.50000000e+00,  2.00000000e+00,  2.00000000e+00,
        2.00000000e+00,  0.00000000e+00,  0.00000000e+00,  0.00000000e+00,
        7.25000000e+00,  2.50000000e+00,  3.00000000e+00,  1.80000000e+01,
        6.75000000e+00,  4.70000000e+01,  2.25000000e+00,  0.00000000e+00,
        3.51830636e+00,  5.37010480e+01,  4.90000000e+01,  6.22855210e+01,
        0.00000000e+00,  0.00000000e+00,  0.00000000e+00,  7.00000000e+00,
        3.00000000e+00,  2.00000000e+01,  0.00000000e+00,  0.00000000e+00,
        0.00000000e+00,  2.30000000e+01,  1.90000000e+01,  2.50000000e+01,
        1.15911230e+01,  1.18807593e+01,  1.23784989e+01,  0.00000000e+00,
        4.87761653e-05,  0.00000000e+00,  1.10403279e+01, -1.00000000e+00,
        7.71706907e+00,  0.00000000e+00,  0.00000000e+00,  0.00000000e+00,
        0.00000000e+00,  0.00000000e+00,  0.00000000e+00,  7.00000000e+00,
        3.00000000e+00,  2.00000000e+01,  0.00000000e+00,  0.00000000e+00,
        0.00000000e+00,  2.30000000e+01,  1.90000000e+01,  2.50000000e+01,
        0.00000000e+00,  0.00000000e+00,  0.00000000e+00,  5.10061226e+01,
        1.85020568e+01,  1.41519513e+02,  0.00000000e+00,  0.00000000e+00,
        0.00000000e+00,  1.97814564e+02,  1.98512001e+02,  1.91596903e+02,
        0.00000000e+00,  0.00000000e+00,  0.00000000e+00,  0.00000000e+00,
        0.00000000e+00,  0.00000000e+00,  0.00000000e+00,  0.00000000e+00,
        0.00000000e+00,  0.00000000e+00,  0.00000000e+00,  1.00000000e+00,
        0.00000000e+00,  0.00000000e+00,  0.00000000e+00,  0.00000000e+00,
        1.00000000e+00,  1.00000000e+00,  1.00000000e+00,  1.00000000e+00,
        0.00000000e+00,  0.00000000e+00,  1.00000000e+00,  1.00000000e+00,
        1.00000000e+00,  1.00000000e+00]), array([  0.        ,   0.        ,   0.        ,   3.        ,
         3.        ,   4.        ,  16.        ,  18.        ,
        22.        ,   2.        ,   4.        ,  19.        ,
         1.5       ,   0.5       ,   0.5       ,   3.5       ,
         1.5       ,  10.        ,   0.5       ,   0.        ,
         1.        ,  11.5       ,   9.5       ,  12.5       ,
         6.5       ,   6.        ,   5.5       ,   0.        ,
         1.5       ,   1.5       ,   4.        ,   1.5       ,
         3.5       ,   0.        ,   0.        ,   0.        ,
         0.        ,   0.        ,   0.        ,   7.75      ,
         7.25      ,   9.        ,  40.96859322,  47.        ,
        52.        ,   2.25      ,  15.        ,  52.        ,
         0.        ,   0.        ,   0.        ,   2.        ,
         2.        ,   2.        ,   9.        ,  15.        ,
        15.        ,   1.        ,   4.        ,  15.        ,
        -1.        ,  -1.        ,  -1.        ,   0.81068079,
         4.46546351,   5.78201659,   1.95265299,   0.73941129,
         0.78644919,   0.        ,   1.90916199,   1.06110493,
         0.        ,   0.        ,   0.        ,   2.        ,
         2.        ,   2.        ,   7.        ,  14.        ,
        14.        ,   1.        ,   3.        ,  14.        ,
         0.        ,   0.        ,   0.        ,  12.00101057,
        12.00488039,  11.5010419 ,  53.23441532,  99.54527015,
       100.42220878,   4.5       ,  31.34216383, 122.43046944,
         0.        ,   0.        ,   0.        ,   0.        ,
         0.        ,   0.        ,   0.        ,   0.        ,
         0.        ,   0.        ,   0.        ,   0.        ,
         1.        ,   1.        ,   0.        ,   0.        ,
         1.        ,   1.        ,   0.        ,   1.        ,
         0.        ,   1.        ,   0.        ,   0.        ])], a: [2, 1, 4, 1, 0, 3, 4, 0, 1], pi: [array([5.7068453e-05, 1.5538881e-05, 1.0496693e+00, 4.9814884e-02,
       2.3029348e-05, 2.5271640e-05], dtype=float32), array([4.9802616e-02, 1.0497996e+00, 4.9802572e-02, 4.9802575e-02,
       1.0687827e-06, 1.7821006e-06], dtype=float32), array([4.99515571e-02, 1.32264278e-04, 1.02396436e-04, 5.90252515e-04,
       5.00148945e-02, 9.98813748e-01], dtype=float32), array([4.9802836e-02, 1.0497973e+00, 4.9803380e-02, 4.9802791e-02,
       1.0621552e-06, 2.8329573e-06], dtype=float32), array([0.79818755, 0.3014175 ], dtype=float32), array([4.9820025e-02, 4.9807563e-02, 4.9808111e-02, 1.0497361e+00,
       3.0292187e-05, 8.0764867e-06], dtype=float32), array([1.0412619e-03, 8.9644513e-04, 3.3029032e-04, 2.8121768e-04,
       1.0471973e+00, 4.9858410e-02], dtype=float32), array([1.0497253e+00, 4.9808823e-02, 1.4630482e-05, 4.9481536e-05,
       4.9806759e-02, 4.9805194e-02], dtype=float32), array([4.1077970e-04, 9.9841487e-01, 6.7072207e-05, 8.9809575e-05,
       4.9955036e-02, 5.0667536e-02], dtype=float32)], r: -4114.00, train r: -1551.40, done: False
